The target system is: Linux -  - arm
The host system is: Linux - 5.15.133.1-microsoft-standard-WSL2 - x86_64
Compiling the C compiler identification source file "CMakeCCompilerId.c" succeeded.
Compiler: /home/donge/WorkSpace/tools/gcc-linaro-6.3.1-2017.02-x86_64_arm-linux-gnueabihf/bin/arm-linux-gnueabihf-gcc 
Build flags: 
Id flags:  

The output was:
0


Compilation of the C compiler identification source "CMakeCCompilerId.c" produced "a.out"

The C compiler identification is GNU, found in "/home/donge/WorkSpace/Program/Desktop_focus/Firmware/TFT_App/build/CMakeFiles/3.22.1/CompilerIdC/a.out"

Detecting C compiler ABI info compiled with the following output:
Change Dir: /home/donge/WorkSpace/Program/Desktop_focus/Firmware/TFT_App/build/CMakeFiles/CMakeTmp

Run Build Command(s):/usr/bin/gmake -f Makefile cmTC_77690/fast && /usr/bin/gmake  -f CMakeFiles/cmTC_77690.dir/build.make CMakeFiles/cmTC_77690.dir/build
gmake[1]: Entering directory '/home/donge/WorkSpace/Program/Desktop_focus/Firmware/TFT_App/build/CMakeFiles/CMakeTmp'
Building C object CMakeFiles/cmTC_77690.dir/CMakeCCompilerABI.c.o
/home/donge/WorkSpace/tools/gcc-linaro-6.3.1-2017.02-x86_64_arm-linux-gnueabihf/bin/arm-linux-gnueabihf-gcc   -v -o CMakeFiles/cmTC_77690.dir/CMakeCCompilerABI.c.o -c /usr/share/cmake-3.22/Modules/CMakeCCompilerABI.c
Using built-in specs.
COLLECT_GCC=/home/donge/WorkSpace/tools/gcc-linaro-6.3.1-2017.02-x86_64_arm-linux-gnueabihf/bin/arm-linux-gnueabihf-gcc
Target: arm-linux-gnueabihf
Configured with: /home/tcwg-buildslave/workspace/tcwg-make-release/label/docker-trusty-amd64-tcwg-build/target/arm-linux-gnueabihf/snapshots/gcc-linaro-6.3-2017.02/configure SHELL=/bin/bash --with-mpc=/home/tcwg-buildslave/workspace/tcwg-make-release/label/docker-trusty-amd64-tcwg-build/target/arm-linux-gnueabihf/_build/builds/destdir/x86_64-unknown-linux-gnu --with-mpfr=/home/tcwg-buildslave/workspace/tcwg-make-release/label/docker-trusty-amd64-tcwg-build/target/arm-linux-gnueabihf/_build/builds/destdir/x86_64-unknown-linux-gnu --with-gmp=/home/tcwg-buildslave/workspace/tcwg-make-release/label/docker-trusty-amd64-tcwg-build/target/arm-linux-gnueabihf/_build/builds/destdir/x86_64-unknown-linux-gnu --with-gnu-as --with-gnu-ld --disable-libmudflap --enable-lto --enable-objc-gc --enable-shared --without-included-gettext --enable-nls --disable-sjlj-exceptions --enable-gnu-unique-object --enable-linker-build-id --disable-libstdcxx-pch --enable-c99 --enable-clocale=gnu --enable-libstdcxx-debug --enable-long-long --with-cloog=no --with-ppl=no --with-isl=no --disable-multilib --with-float=hard --with-mode=thumb --with-tune=cortex-a9 --with-arch=armv7-a --with-fpu=vfpv3-d16 --enable-threads=posix --enable-multiarch --enable-libstdcxx-time=yes --enable-gnu-indirect-function --with-build-sysroot=/home/tcwg-buildslave/workspace/tcwg-make-release/label/docker-trusty-amd64-tcwg-build/target/arm-linux-gnueabihf/_build/sysroots/arm-linux-gnueabihf --with-sysroot=/home/tcwg-buildslave/workspace/tcwg-make-release/label/docker-trusty-amd64-tcwg-build/target/arm-linux-gnueabihf/_build/builds/destdir/x86_64-unknown-linux-gnu/arm-linux-gnueabihf/libc --enable-checking=release --disable-bootstrap --enable-languages=c,c++,fortran,lto --build=x86_64-unknown-linux-gnu --host=x86_64-unknown-linux-gnu --target=arm-linux-gnueabihf --prefix=/home/tcwg-buildslave/workspace/tcwg-make-release/label/docker-trusty-amd64-tcwg-build/target/arm-linux-gnueabihf/_build/builds/destdir/x86_64-unknown-linux-gnu
Thread model: posix
gcc version 6.3.1 20170109 (Linaro GCC 6.3-2017.02) 
COLLECT_GCC_OPTIONS='-v' '-o' 'CMakeFiles/cmTC_77690.dir/CMakeCCompilerABI.c.o' '-c' '-march=armv7-a' '-mtune=cortex-a9' '-mfloat-abi=hard' '-mfpu=vfpv3-d16' '-mthumb' '-mtls-dialect=gnu'
 /home/donge/WorkSpace/tools/gcc-linaro-6.3.1-2017.02-x86_64_arm-linux-gnueabihf/bin/../libexec/gcc/arm-linux-gnueabihf/6.3.1/cc1 -quiet -v -imultilib . -imultiarch arm-linux-gnueabihf -iprefix /home/donge/WorkSpace/tools/gcc-linaro-6.3.1-2017.02-x86_64_arm-linux-gnueabihf/bin/../lib/gcc/arm-linux-gnueabihf/6.3.1/ -isysroot /home/donge/WorkSpace/tools/gcc-linaro-6.3.1-2017.02-x86_64_arm-linux-gnueabihf/bin/../arm-linux-gnueabihf/libc /usr/share/cmake-3.22/Modules/CMakeCCompilerABI.c -quiet -dumpbase CMakeCCompilerABI.c -march=armv7-a -mtune=cortex-a9 -mfloat-abi=hard -mfpu=vfpv3-d16 -mthumb -mtls-dialect=gnu -auxbase-strip CMakeFiles/cmTC_77690.dir/CMakeCCompilerABI.c.o -version -o /tmp/ccrhTYbL.s
GNU C11 (Linaro GCC 6.3-2017.02) version 6.3.1 20170109 (arm-linux-gnueabihf)
	compiled by GNU C version 4.8.4, GMP version 6.1.0, MPFR version 3.1.4, MPC version 1.0.3, isl version none
GGC heuristics: --param ggc-min-expand=100 --param ggc-min-heapsize=131072
ignoring duplicate directory "/home/donge/WorkSpace/tools/gcc-linaro-6.3.1-2017.02-x86_64_arm-linux-gnueabihf/bin/../lib/gcc/../../lib/gcc/arm-linux-gnueabihf/6.3.1/include"
ignoring nonexistent directory "/home/donge/WorkSpace/tools/gcc-linaro-6.3.1-2017.02-x86_64_arm-linux-gnueabihf/bin/../arm-linux-gnueabihf/libc/usr/local/include/arm-linux-gnueabihf"
ignoring nonexistent directory "/home/donge/WorkSpace/tools/gcc-linaro-6.3.1-2017.02-x86_64_arm-linux-gnueabihf/bin/../arm-linux-gnueabihf/libc/usr/local/include"
ignoring duplicate directory "/home/donge/WorkSpace/tools/gcc-linaro-6.3.1-2017.02-x86_64_arm-linux-gnueabihf/bin/../lib/gcc/../../lib/gcc/arm-linux-gnueabihf/6.3.1/include-fixed"
ignoring duplicate directory "/home/donge/WorkSpace/tools/gcc-linaro-6.3.1-2017.02-x86_64_arm-linux-gnueabihf/bin/../lib/gcc/../../lib/gcc/arm-linux-gnueabihf/6.3.1/../../../../arm-linux-gnueabihf/include"
ignoring nonexistent directory "/home/donge/WorkSpace/tools/gcc-linaro-6.3.1-2017.02-x86_64_arm-linux-gnueabihf/bin/../arm-linux-gnueabihf/libc/usr/include/arm-linux-gnueabihf"
#include "..." search starts here:
#include <...> search starts here:
 /home/donge/WorkSpace/tools/gcc-linaro-6.3.1-2017.02-x86_64_arm-linux-gnueabihf/bin/../lib/gcc/arm-linux-gnueabihf/6.3.1/include
 /home/donge/WorkSpace/tools/gcc-linaro-6.3.1-2017.02-x86_64_arm-linux-gnueabihf/bin/../lib/gcc/arm-linux-gnueabihf/6.3.1/include-fixed
 /home/donge/WorkSpace/tools/gcc-linaro-6.3.1-2017.02-x86_64_arm-linux-gnueabihf/bin/../lib/gcc/arm-linux-gnueabihf/6.3.1/../../../../arm-linux-gnueabihf/include
 /home/donge/WorkSpace/tools/gcc-linaro-6.3.1-2017.02-x86_64_arm-linux-gnueabihf/bin/../arm-linux-gnueabihf/libc/usr/include
End of search list.
GNU C11 (Linaro GCC 6.3-2017.02) version 6.3.1 20170109 (arm-linux-gnueabihf)
	compiled by GNU C version 4.8.4, GMP version 6.1.0, MPFR version 3.1.4, MPC version 1.0.3, isl version none
GGC heuristics: --param ggc-min-expand=100 --param ggc-min-heapsize=131072
Compiler executable checksum: 4c28b17967ded51a331dc8849f644dbd
COLLECT_GCC_OPTIONS='-v' '-o' 'CMakeFiles/cmTC_77690.dir/CMakeCCompilerABI.c.o' '-c' '-march=armv7-a' '-mtune=cortex-a9' '-mfloat-abi=hard' '-mfpu=vfpv3-d16' '-mthumb' '-mtls-dialect=gnu'
 /home/donge/WorkSpace/tools/gcc-linaro-6.3.1-2017.02-x86_64_arm-linux-gnueabihf/bin/../lib/gcc/arm-linux-gnueabihf/6.3.1/../../../../arm-linux-gnueabihf/bin/as -v -march=armv7-a -mfloat-abi=hard -mfpu=vfpv3-d16 -meabi=5 -o CMakeFiles/cmTC_77690.dir/CMakeCCompilerABI.c.o /tmp/ccrhTYbL.s
GNU assembler version 2.27.0 (arm-linux-gnueabihf) using BFD version (Linaro_Binutils-2017.02) 2.27.0.20161019
COMPILER_PATH=/home/donge/WorkSpace/tools/gcc-linaro-6.3.1-2017.02-x86_64_arm-linux-gnueabihf/bin/../libexec/gcc/arm-linux-gnueabihf/6.3.1/:/home/donge/WorkSpace/tools/gcc-linaro-6.3.1-2017.02-x86_64_arm-linux-gnueabihf/bin/../libexec/gcc/arm-linux-gnueabihf/:/home/donge/WorkSpace/tools/gcc-linaro-6.3.1-2017.02-x86_64_arm-linux-gnueabihf/bin/../libexec/gcc/:/home/donge/WorkSpace/tools/gcc-linaro-6.3.1-2017.02-x86_64_arm-linux-gnueabihf/bin/../lib/gcc/arm-linux-gnueabihf/6.3.1/../../../../arm-linux-gnueabihf/bin/
LIBRARY_PATH=/home/donge/WorkSpace/tools/gcc-linaro-6.3.1-2017.02-x86_64_arm-linux-gnueabihf/bin/../lib/gcc/arm-linux-gnueabihf/6.3.1/:/home/donge/WorkSpace/tools/gcc-linaro-6.3.1-2017.02-x86_64_arm-linux-gnueabihf/bin/../lib/gcc/arm-linux-gnueabihf/:/home/donge/WorkSpace/tools/gcc-linaro-6.3.1-2017.02-x86_64_arm-linux-gnueabihf/bin/../lib/gcc/:/home/donge/WorkSpace/tools/gcc-linaro-6.3.1-2017.02-x86_64_arm-linux-gnueabihf/bin/../lib/gcc/arm-linux-gnueabihf/6.3.1/../../../../arm-linux-gnueabihf/lib/:/home/donge/WorkSpace/tools/gcc-linaro-6.3.1-2017.02-x86_64_arm-linux-gnueabihf/bin/../arm-linux-gnueabihf/libc/lib/:/home/donge/WorkSpace/tools/gcc-linaro-6.3.1-2017.02-x86_64_arm-linux-gnueabihf/bin/../arm-linux-gnueabihf/libc/usr/lib/
COLLECT_GCC_OPTIONS='-v' '-o' 'CMakeFiles/cmTC_77690.dir/CMakeCCompilerABI.c.o' '-c' '-march=armv7-a' '-mtune=cortex-a9' '-mfloat-abi=hard' '-mfpu=vfpv3-d16' '-mthumb' '-mtls-dialect=gnu'
Linking C executable cmTC_77690
/usr/bin/cmake -E cmake_link_script CMakeFiles/cmTC_77690.dir/link.txt --verbose=1
/home/donge/WorkSpace/tools/gcc-linaro-6.3.1-2017.02-x86_64_arm-linux-gnueabihf/bin/arm-linux-gnueabihf-gcc  -v CMakeFiles/cmTC_77690.dir/CMakeCCompilerABI.c.o -o cmTC_77690 
Using built-in specs.
COLLECT_GCC=/home/donge/WorkSpace/tools/gcc-linaro-6.3.1-2017.02-x86_64_arm-linux-gnueabihf/bin/arm-linux-gnueabihf-gcc
COLLECT_LTO_WRAPPER=/home/donge/WorkSpace/tools/gcc-linaro-6.3.1-2017.02-x86_64_arm-linux-gnueabihf/bin/../libexec/gcc/arm-linux-gnueabihf/6.3.1/lto-wrapper
Target: arm-linux-gnueabihf
Configured with: /home/tcwg-buildslave/workspace/tcwg-make-release/label/docker-trusty-amd64-tcwg-build/target/arm-linux-gnueabihf/snapshots/gcc-linaro-6.3-2017.02/configure SHELL=/bin/bash --with-mpc=/home/tcwg-buildslave/workspace/tcwg-make-release/label/docker-trusty-amd64-tcwg-build/target/arm-linux-gnueabihf/_build/builds/destdir/x86_64-unknown-linux-gnu --with-mpfr=/home/tcwg-buildslave/workspace/tcwg-make-release/label/docker-trusty-amd64-tcwg-build/target/arm-linux-gnueabihf/_build/builds/destdir/x86_64-unknown-linux-gnu --with-gmp=/home/tcwg-buildslave/workspace/tcwg-make-release/label/docker-trusty-amd64-tcwg-build/target/arm-linux-gnueabihf/_build/builds/destdir/x86_64-unknown-linux-gnu --with-gnu-as --with-gnu-ld --disable-libmudflap --enable-lto --enable-objc-gc --enable-shared --without-included-gettext --enable-nls --disable-sjlj-exceptions --enable-gnu-unique-object --enable-linker-build-id --disable-libstdcxx-pch --enable-c99 --enable-clocale=gnu --enable-libstdcxx-debug --enable-long-long --with-cloog=no --with-ppl=no --with-isl=no --disable-multilib --with-float=hard --with-mode=thumb --with-tune=cortex-a9 --with-arch=armv7-a --with-fpu=vfpv3-d16 --enable-threads=posix --enable-multiarch --enable-libstdcxx-time=yes --enable-gnu-indirect-function --with-build-sysroot=/home/tcwg-buildslave/workspace/tcwg-make-release/label/docker-trusty-amd64-tcwg-build/target/arm-linux-gnueabihf/_build/sysroots/arm-linux-gnueabihf --with-sysroot=/home/tcwg-buildslave/workspace/tcwg-make-release/label/docker-trusty-amd64-tcwg-build/target/arm-linux-gnueabihf/_build/builds/destdir/x86_64-unknown-linux-gnu/arm-linux-gnueabihf/libc --enable-checking=release --disable-bootstrap --enable-languages=c,c++,fortran,lto --build=x86_64-unknown-linux-gnu --host=x86_64-unknown-linux-gnu --target=arm-linux-gnueabihf --prefix=/home/tcwg-buildslave/workspace/tcwg-make-release/label/docker-trusty-amd64-tcwg-build/target/arm-linux-gnueabihf/_build/builds/destdir/x86_64-unknown-linux-gnu
Thread model: posix
gcc version 6.3.1 20170109 (Linaro GCC 6.3-2017.02) 
COMPILER_PATH=/home/donge/WorkSpace/tools/gcc-linaro-6.3.1-2017.02-x86_64_arm-linux-gnueabihf/bin/../libexec/gcc/arm-linux-gnueabihf/6.3.1/:/home/donge/WorkSpace/tools/gcc-linaro-6.3.1-2017.02-x86_64_arm-linux-gnueabihf/bin/../libexec/gcc/arm-linux-gnueabihf/:/home/donge/WorkSpace/tools/gcc-linaro-6.3.1-2017.02-x86_64_arm-linux-gnueabihf/bin/../libexec/gcc/:/home/donge/WorkSpace/tools/gcc-linaro-6.3.1-2017.02-x86_64_arm-linux-gnueabihf/bin/../lib/gcc/arm-linux-gnueabihf/6.3.1/../../../../arm-linux-gnueabihf/bin/
LIBRARY_PATH=/home/donge/WorkSpace/tools/gcc-linaro-6.3.1-2017.02-x86_64_arm-linux-gnueabihf/bin/../lib/gcc/arm-linux-gnueabihf/6.3.1/:/home/donge/WorkSpace/tools/gcc-linaro-6.3.1-2017.02-x86_64_arm-linux-gnueabihf/bin/../lib/gcc/arm-linux-gnueabihf/:/home/donge/WorkSpace/tools/gcc-linaro-6.3.1-2017.02-x86_64_arm-linux-gnueabihf/bin/../lib/gcc/:/home/donge/WorkSpace/tools/gcc-linaro-6.3.1-2017.02-x86_64_arm-linux-gnueabihf/bin/../lib/gcc/arm-linux-gnueabihf/6.3.1/../../../../arm-linux-gnueabihf/lib/:/home/donge/WorkSpace/tools/gcc-linaro-6.3.1-2017.02-x86_64_arm-linux-gnueabihf/bin/../arm-linux-gnueabihf/libc/lib/:/home/donge/WorkSpace/tools/gcc-linaro-6.3.1-2017.02-x86_64_arm-linux-gnueabihf/bin/../arm-linux-gnueabihf/libc/usr/lib/
COLLECT_GCC_OPTIONS='-v' '-o' 'cmTC_77690' '-march=armv7-a' '-mtune=cortex-a9' '-mfloat-abi=hard' '-mfpu=vfpv3-d16' '-mthumb' '-mtls-dialect=gnu'
 /home/donge/WorkSpace/tools/gcc-linaro-6.3.1-2017.02-x86_64_arm-linux-gnueabihf/bin/../libexec/gcc/arm-linux-gnueabihf/6.3.1/collect2 -plugin /home/donge/WorkSpace/tools/gcc-linaro-6.3.1-2017.02-x86_64_arm-linux-gnueabihf/bin/../libexec/gcc/arm-linux-gnueabihf/6.3.1/liblto_plugin.so -plugin-opt=/home/donge/WorkSpace/tools/gcc-linaro-6.3.1-2017.02-x86_64_arm-linux-gnueabihf/bin/../libexec/gcc/arm-linux-gnueabihf/6.3.1/lto-wrapper -plugin-opt=-fresolution=/tmp/cc1joINY.res -plugin-opt=-pass-through=-lgcc -plugin-opt=-pass-through=-lgcc_s -plugin-opt=-pass-through=-lc -plugin-opt=-pass-through=-lgcc -plugin-opt=-pass-through=-lgcc_s --sysroot=/home/donge/WorkSpace/tools/gcc-linaro-6.3.1-2017.02-x86_64_arm-linux-gnueabihf/bin/../arm-linux-gnueabihf/libc --build-id --eh-frame-hdr -dynamic-linker /lib/ld-linux-armhf.so.3 -X -m armelf_linux_eabi -o cmTC_77690 /home/donge/WorkSpace/tools/gcc-linaro-6.3.1-2017.02-x86_64_arm-linux-gnueabihf/bin/../arm-linux-gnueabihf/libc/usr/lib/crt1.o /home/donge/WorkSpace/tools/gcc-linaro-6.3.1-2017.02-x86_64_arm-linux-gnueabihf/bin/../arm-linux-gnueabihf/libc/usr/lib/crti.o /home/donge/WorkSpace/tools/gcc-linaro-6.3.1-2017.02-x86_64_arm-linux-gnueabihf/bin/../lib/gcc/arm-linux-gnueabihf/6.3.1/crtbegin.o -L/home/donge/WorkSpace/tools/gcc-linaro-6.3.1-2017.02-x86_64_arm-linux-gnueabihf/bin/../lib/gcc/arm-linux-gnueabihf/6.3.1 -L/home/donge/WorkSpace/tools/gcc-linaro-6.3.1-2017.02-x86_64_arm-linux-gnueabihf/bin/../lib/gcc/arm-linux-gnueabihf -L/home/donge/WorkSpace/tools/gcc-linaro-6.3.1-2017.02-x86_64_arm-linux-gnueabihf/bin/../lib/gcc -L/home/donge/WorkSpace/tools/gcc-linaro-6.3.1-2017.02-x86_64_arm-linux-gnueabihf/bin/../lib/gcc/arm-linux-gnueabihf/6.3.1/../../../../arm-linux-gnueabihf/lib -L/home/donge/WorkSpace/tools/gcc-linaro-6.3.1-2017.02-x86_64_arm-linux-gnueabihf/bin/../arm-linux-gnueabihf/libc/lib -L/home/donge/WorkSpace/tools/gcc-linaro-6.3.1-2017.02-x86_64_arm-linux-gnueabihf/bin/../arm-linux-gnueabihf/libc/usr/lib CMakeFiles/cmTC_77690.dir/CMakeCCompilerABI.c.o -lgcc --as-needed -lgcc_s --no-as-needed -lc -lgcc --as-needed -lgcc_s --no-as-needed /home/donge/WorkSpace/tools/gcc-linaro-6.3.1-2017.02-x86_64_arm-linux-gnueabihf/bin/../lib/gcc/arm-linux-gnueabihf/6.3.1/crtend.o /home/donge/WorkSpace/tools/gcc-linaro-6.3.1-2017.02-x86_64_arm-linux-gnueabihf/bin/../arm-linux-gnueabihf/libc/usr/lib/crtn.o
COLLECT_GCC_OPTIONS='-v' '-o' 'cmTC_77690' '-march=armv7-a' '-mtune=cortex-a9' '-mfloat-abi=hard' '-mfpu=vfpv3-d16' '-mthumb' '-mtls-dialect=gnu'
gmake[1]: Leaving directory '/home/donge/WorkSpace/Program/Desktop_focus/Firmware/TFT_App/build/CMakeFiles/CMakeTmp'



Parsed C implicit include dir info from above output: rv=done
  found start of include info
  found start of implicit include info
    add: [/home/donge/WorkSpace/tools/gcc-linaro-6.3.1-2017.02-x86_64_arm-linux-gnueabihf/bin/../lib/gcc/arm-linux-gnueabihf/6.3.1/include]
    add: [/home/donge/WorkSpace/tools/gcc-linaro-6.3.1-2017.02-x86_64_arm-linux-gnueabihf/bin/../lib/gcc/arm-linux-gnueabihf/6.3.1/include-fixed]
    add: [/home/donge/WorkSpace/tools/gcc-linaro-6.3.1-2017.02-x86_64_arm-linux-gnueabihf/bin/../lib/gcc/arm-linux-gnueabihf/6.3.1/../../../../arm-linux-gnueabihf/include]
    add: [/home/donge/WorkSpace/tools/gcc-linaro-6.3.1-2017.02-x86_64_arm-linux-gnueabihf/bin/../arm-linux-gnueabihf/libc/usr/include]
  end of search list found
  collapse include dir [/home/donge/WorkSpace/tools/gcc-linaro-6.3.1-2017.02-x86_64_arm-linux-gnueabihf/bin/../lib/gcc/arm-linux-gnueabihf/6.3.1/include] ==> [/home/donge/WorkSpace/tools/gcc-linaro-6.3.1-2017.02-x86_64_arm-linux-gnueabihf/lib/gcc/arm-linux-gnueabihf/6.3.1/include]
  collapse include dir [/home/donge/WorkSpace/tools/gcc-linaro-6.3.1-2017.02-x86_64_arm-linux-gnueabihf/bin/../lib/gcc/arm-linux-gnueabihf/6.3.1/include-fixed] ==> [/home/donge/WorkSpace/tools/gcc-linaro-6.3.1-2017.02-x86_64_arm-linux-gnueabihf/lib/gcc/arm-linux-gnueabihf/6.3.1/include-fixed]
  collapse include dir [/home/donge/WorkSpace/tools/gcc-linaro-6.3.1-2017.02-x86_64_arm-linux-gnueabihf/bin/../lib/gcc/arm-linux-gnueabihf/6.3.1/../../../../arm-linux-gnueabihf/include] ==> [/home/donge/WorkSpace/tools/gcc-linaro-6.3.1-2017.02-x86_64_arm-linux-gnueabihf/arm-linux-gnueabihf/include]
  collapse include dir [/home/donge/WorkSpace/tools/gcc-linaro-6.3.1-2017.02-x86_64_arm-linux-gnueabihf/bin/../arm-linux-gnueabihf/libc/usr/include] ==> [/home/donge/WorkSpace/tools/gcc-linaro-6.3.1-2017.02-x86_64_arm-linux-gnueabihf/arm-linux-gnueabihf/libc/usr/include]
  implicit include dirs: [/home/donge/WorkSpace/tools/gcc-linaro-6.3.1-2017.02-x86_64_arm-linux-gnueabihf/lib/gcc/arm-linux-gnueabihf/6.3.1/include;/home/donge/WorkSpace/tools/gcc-linaro-6.3.1-2017.02-x86_64_arm-linux-gnueabihf/lib/gcc/arm-linux-gnueabihf/6.3.1/include-fixed;/home/donge/WorkSpace/tools/gcc-linaro-6.3.1-2017.02-x86_64_arm-linux-gnueabihf/arm-linux-gnueabihf/include;/home/donge/WorkSpace/tools/gcc-linaro-6.3.1-2017.02-x86_64_arm-linux-gnueabihf/arm-linux-gnueabihf/libc/usr/include]


Parsed C implicit link information from above output:
  link line regex: [^( *|.*[/\])(ld|CMAKE_LINK_STARTFILE-NOTFOUND|([^/\]+-)?ld|collect2)[^/\]*( |$)]
  ignore line: [Change Dir: /home/donge/WorkSpace/Program/Desktop_focus/Firmware/TFT_App/build/CMakeFiles/CMakeTmp]
  ignore line: []
  ignore line: [Run Build Command(s):/usr/bin/gmake -f Makefile cmTC_77690/fast && /usr/bin/gmake  -f CMakeFiles/cmTC_77690.dir/build.make CMakeFiles/cmTC_77690.dir/build]
  ignore line: [gmake[1]: Entering directory '/home/donge/WorkSpace/Program/Desktop_focus/Firmware/TFT_App/build/CMakeFiles/CMakeTmp']
  ignore line: [Building C object CMakeFiles/cmTC_77690.dir/CMakeCCompilerABI.c.o]
  ignore line: [/home/donge/WorkSpace/tools/gcc-linaro-6.3.1-2017.02-x86_64_arm-linux-gnueabihf/bin/arm-linux-gnueabihf-gcc   -v -o CMakeFiles/cmTC_77690.dir/CMakeCCompilerABI.c.o -c /usr/share/cmake-3.22/Modules/CMakeCCompilerABI.c]
  ignore line: [Using built-in specs.]
  ignore line: [COLLECT_GCC=/home/donge/WorkSpace/tools/gcc-linaro-6.3.1-2017.02-x86_64_arm-linux-gnueabihf/bin/arm-linux-gnueabihf-gcc]
  ignore line: [Target: arm-linux-gnueabihf]
  ignore line: [Configured with: /home/tcwg-buildslave/workspace/tcwg-make-release/label/docker-trusty-amd64-tcwg-build/target/arm-linux-gnueabihf/snapshots/gcc-linaro-6.3-2017.02/configure SHELL=/bin/bash --with-mpc=/home/tcwg-buildslave/workspace/tcwg-make-release/label/docker-trusty-amd64-tcwg-build/target/arm-linux-gnueabihf/_build/builds/destdir/x86_64-unknown-linux-gnu --with-mpfr=/home/tcwg-buildslave/workspace/tcwg-make-release/label/docker-trusty-amd64-tcwg-build/target/arm-linux-gnueabihf/_build/builds/destdir/x86_64-unknown-linux-gnu --with-gmp=/home/tcwg-buildslave/workspace/tcwg-make-release/label/docker-trusty-amd64-tcwg-build/target/arm-linux-gnueabihf/_build/builds/destdir/x86_64-unknown-linux-gnu --with-gnu-as --with-gnu-ld --disable-libmudflap --enable-lto --enable-objc-gc --enable-shared --without-included-gettext --enable-nls --disable-sjlj-exceptions --enable-gnu-unique-object --enable-linker-build-id --disable-libstdcxx-pch --enable-c99 --enable-clocale=gnu --enable-libstdcxx-debug --enable-long-long --with-cloog=no --with-ppl=no --with-isl=no --disable-multilib --with-float=hard --with-mode=thumb --with-tune=cortex-a9 --with-arch=armv7-a --with-fpu=vfpv3-d16 --enable-threads=posix --enable-multiarch --enable-libstdcxx-time=yes --enable-gnu-indirect-function --with-build-sysroot=/home/tcwg-buildslave/workspace/tcwg-make-release/label/docker-trusty-amd64-tcwg-build/target/arm-linux-gnueabihf/_build/sysroots/arm-linux-gnueabihf --with-sysroot=/home/tcwg-buildslave/workspace/tcwg-make-release/label/docker-trusty-amd64-tcwg-build/target/arm-linux-gnueabihf/_build/builds/destdir/x86_64-unknown-linux-gnu/arm-linux-gnueabihf/libc --enable-checking=release --disable-bootstrap --enable-languages=c,c++,fortran,lto --build=x86_64-unknown-linux-gnu --host=x86_64-unknown-linux-gnu --target=arm-linux-gnueabihf --prefix=/home/tcwg-buildslave/workspace/tcwg-make-release/label/docker-trusty-amd64-tcwg-build/target/arm-linux-gnueabihf/_build/builds/destdir/x86_64-unknown-linux-gnu]
  ignore line: [Thread model: posix]
  ignore line: [gcc version 6.3.1 20170109 (Linaro GCC 6.3-2017.02) ]
  ignore line: [COLLECT_GCC_OPTIONS='-v' '-o' 'CMakeFiles/cmTC_77690.dir/CMakeCCompilerABI.c.o' '-c' '-march=armv7-a' '-mtune=cortex-a9' '-mfloat-abi=hard' '-mfpu=vfpv3-d16' '-mthumb' '-mtls-dialect=gnu']
  ignore line: [ /home/donge/WorkSpace/tools/gcc-linaro-6.3.1-2017.02-x86_64_arm-linux-gnueabihf/bin/../libexec/gcc/arm-linux-gnueabihf/6.3.1/cc1 -quiet -v -imultilib . -imultiarch arm-linux-gnueabihf -iprefix /home/donge/WorkSpace/tools/gcc-linaro-6.3.1-2017.02-x86_64_arm-linux-gnueabihf/bin/../lib/gcc/arm-linux-gnueabihf/6.3.1/ -isysroot /home/donge/WorkSpace/tools/gcc-linaro-6.3.1-2017.02-x86_64_arm-linux-gnueabihf/bin/../arm-linux-gnueabihf/libc /usr/share/cmake-3.22/Modules/CMakeCCompilerABI.c -quiet -dumpbase CMakeCCompilerABI.c -march=armv7-a -mtune=cortex-a9 -mfloat-abi=hard -mfpu=vfpv3-d16 -mthumb -mtls-dialect=gnu -auxbase-strip CMakeFiles/cmTC_77690.dir/CMakeCCompilerABI.c.o -version -o /tmp/ccrhTYbL.s]
  ignore line: [GNU C11 (Linaro GCC 6.3-2017.02) version 6.3.1 20170109 (arm-linux-gnueabihf)]
  ignore line: [	compiled by GNU C version 4.8.4  GMP version 6.1.0  MPFR version 3.1.4  MPC version 1.0.3  isl version none]
  ignore line: [GGC heuristics: --param ggc-min-expand=100 --param ggc-min-heapsize=131072]
  ignore line: [ignoring duplicate directory "/home/donge/WorkSpace/tools/gcc-linaro-6.3.1-2017.02-x86_64_arm-linux-gnueabihf/bin/../lib/gcc/../../lib/gcc/arm-linux-gnueabihf/6.3.1/include"]
  ignore line: [ignoring nonexistent directory "/home/donge/WorkSpace/tools/gcc-linaro-6.3.1-2017.02-x86_64_arm-linux-gnueabihf/bin/../arm-linux-gnueabihf/libc/usr/local/include/arm-linux-gnueabihf"]
  ignore line: [ignoring nonexistent directory "/home/donge/WorkSpace/tools/gcc-linaro-6.3.1-2017.02-x86_64_arm-linux-gnueabihf/bin/../arm-linux-gnueabihf/libc/usr/local/include"]
  ignore line: [ignoring duplicate directory "/home/donge/WorkSpace/tools/gcc-linaro-6.3.1-2017.02-x86_64_arm-linux-gnueabihf/bin/../lib/gcc/../../lib/gcc/arm-linux-gnueabihf/6.3.1/include-fixed"]
  ignore line: [ignoring duplicate directory "/home/donge/WorkSpace/tools/gcc-linaro-6.3.1-2017.02-x86_64_arm-linux-gnueabihf/bin/../lib/gcc/../../lib/gcc/arm-linux-gnueabihf/6.3.1/../../../../arm-linux-gnueabihf/include"]
  ignore line: [ignoring nonexistent directory "/home/donge/WorkSpace/tools/gcc-linaro-6.3.1-2017.02-x86_64_arm-linux-gnueabihf/bin/../arm-linux-gnueabihf/libc/usr/include/arm-linux-gnueabihf"]
  ignore line: [#include "..." search starts here:]
  ignore line: [#include <...> search starts here:]
  ignore line: [ /home/donge/WorkSpace/tools/gcc-linaro-6.3.1-2017.02-x86_64_arm-linux-gnueabihf/bin/../lib/gcc/arm-linux-gnueabihf/6.3.1/include]
  ignore line: [ /home/donge/WorkSpace/tools/gcc-linaro-6.3.1-2017.02-x86_64_arm-linux-gnueabihf/bin/../lib/gcc/arm-linux-gnueabihf/6.3.1/include-fixed]
  ignore line: [ /home/donge/WorkSpace/tools/gcc-linaro-6.3.1-2017.02-x86_64_arm-linux-gnueabihf/bin/../lib/gcc/arm-linux-gnueabihf/6.3.1/../../../../arm-linux-gnueabihf/include]
  ignore line: [ /home/donge/WorkSpace/tools/gcc-linaro-6.3.1-2017.02-x86_64_arm-linux-gnueabihf/bin/../arm-linux-gnueabihf/libc/usr/include]
  ignore line: [End of search list.]
  ignore line: [GNU C11 (Linaro GCC 6.3-2017.02) version 6.3.1 20170109 (arm-linux-gnueabihf)]
  ignore line: [	compiled by GNU C version 4.8.4  GMP version 6.1.0  MPFR version 3.1.4  MPC version 1.0.3  isl version none]
  ignore line: [GGC heuristics: --param ggc-min-expand=100 --param ggc-min-heapsize=131072]
  ignore line: [Compiler executable checksum: 4c28b17967ded51a331dc8849f644dbd]
  ignore line: [COLLECT_GCC_OPTIONS='-v' '-o' 'CMakeFiles/cmTC_77690.dir/CMakeCCompilerABI.c.o' '-c' '-march=armv7-a' '-mtune=cortex-a9' '-mfloat-abi=hard' '-mfpu=vfpv3-d16' '-mthumb' '-mtls-dialect=gnu']
  ignore line: [ /home/donge/WorkSpace/tools/gcc-linaro-6.3.1-2017.02-x86_64_arm-linux-gnueabihf/bin/../lib/gcc/arm-linux-gnueabihf/6.3.1/../../../../arm-linux-gnueabihf/bin/as -v -march=armv7-a -mfloat-abi=hard -mfpu=vfpv3-d16 -meabi=5 -o CMakeFiles/cmTC_77690.dir/CMakeCCompilerABI.c.o /tmp/ccrhTYbL.s]
  ignore line: [GNU assembler version 2.27.0 (arm-linux-gnueabihf) using BFD version (Linaro_Binutils-2017.02) 2.27.0.20161019]
  ignore line: [COMPILER_PATH=/home/donge/WorkSpace/tools/gcc-linaro-6.3.1-2017.02-x86_64_arm-linux-gnueabihf/bin/../libexec/gcc/arm-linux-gnueabihf/6.3.1/:/home/donge/WorkSpace/tools/gcc-linaro-6.3.1-2017.02-x86_64_arm-linux-gnueabihf/bin/../libexec/gcc/arm-linux-gnueabihf/:/home/donge/WorkSpace/tools/gcc-linaro-6.3.1-2017.02-x86_64_arm-linux-gnueabihf/bin/../libexec/gcc/:/home/donge/WorkSpace/tools/gcc-linaro-6.3.1-2017.02-x86_64_arm-linux-gnueabihf/bin/../lib/gcc/arm-linux-gnueabihf/6.3.1/../../../../arm-linux-gnueabihf/bin/]
  ignore line: [LIBRARY_PATH=/home/donge/WorkSpace/tools/gcc-linaro-6.3.1-2017.02-x86_64_arm-linux-gnueabihf/bin/../lib/gcc/arm-linux-gnueabihf/6.3.1/:/home/donge/WorkSpace/tools/gcc-linaro-6.3.1-2017.02-x86_64_arm-linux-gnueabihf/bin/../lib/gcc/arm-linux-gnueabihf/:/home/donge/WorkSpace/tools/gcc-linaro-6.3.1-2017.02-x86_64_arm-linux-gnueabihf/bin/../lib/gcc/:/home/donge/WorkSpace/tools/gcc-linaro-6.3.1-2017.02-x86_64_arm-linux-gnueabihf/bin/../lib/gcc/arm-linux-gnueabihf/6.3.1/../../../../arm-linux-gnueabihf/lib/:/home/donge/WorkSpace/tools/gcc-linaro-6.3.1-2017.02-x86_64_arm-linux-gnueabihf/bin/../arm-linux-gnueabihf/libc/lib/:/home/donge/WorkSpace/tools/gcc-linaro-6.3.1-2017.02-x86_64_arm-linux-gnueabihf/bin/../arm-linux-gnueabihf/libc/usr/lib/]
  ignore line: [COLLECT_GCC_OPTIONS='-v' '-o' 'CMakeFiles/cmTC_77690.dir/CMakeCCompilerABI.c.o' '-c' '-march=armv7-a' '-mtune=cortex-a9' '-mfloat-abi=hard' '-mfpu=vfpv3-d16' '-mthumb' '-mtls-dialect=gnu']
  ignore line: [Linking C executable cmTC_77690]
  ignore line: [/usr/bin/cmake -E cmake_link_script CMakeFiles/cmTC_77690.dir/link.txt --verbose=1]
  ignore line: [/home/donge/WorkSpace/tools/gcc-linaro-6.3.1-2017.02-x86_64_arm-linux-gnueabihf/bin/arm-linux-gnueabihf-gcc  -v CMakeFiles/cmTC_77690.dir/CMakeCCompilerABI.c.o -o cmTC_77690 ]
  ignore line: [Using built-in specs.]
  ignore line: [COLLECT_GCC=/home/donge/WorkSpace/tools/gcc-linaro-6.3.1-2017.02-x86_64_arm-linux-gnueabihf/bin/arm-linux-gnueabihf-gcc]
  ignore line: [COLLECT_LTO_WRAPPER=/home/donge/WorkSpace/tools/gcc-linaro-6.3.1-2017.02-x86_64_arm-linux-gnueabihf/bin/../libexec/gcc/arm-linux-gnueabihf/6.3.1/lto-wrapper]
  ignore line: [Target: arm-linux-gnueabihf]
  ignore line: [Configured with: /home/tcwg-buildslave/workspace/tcwg-make-release/label/docker-trusty-amd64-tcwg-build/target/arm-linux-gnueabihf/snapshots/gcc-linaro-6.3-2017.02/configure SHELL=/bin/bash --with-mpc=/home/tcwg-buildslave/workspace/tcwg-make-release/label/docker-trusty-amd64-tcwg-build/target/arm-linux-gnueabihf/_build/builds/destdir/x86_64-unknown-linux-gnu --with-mpfr=/home/tcwg-buildslave/workspace/tcwg-make-release/label/docker-trusty-amd64-tcwg-build/target/arm-linux-gnueabihf/_build/builds/destdir/x86_64-unknown-linux-gnu --with-gmp=/home/tcwg-buildslave/workspace/tcwg-make-release/label/docker-trusty-amd64-tcwg-build/target/arm-linux-gnueabihf/_build/builds/destdir/x86_64-unknown-linux-gnu --with-gnu-as --with-gnu-ld --disable-libmudflap --enable-lto --enable-objc-gc --enable-shared --without-included-gettext --enable-nls --disable-sjlj-exceptions --enable-gnu-unique-object --enable-linker-build-id --disable-libstdcxx-pch --enable-c99 --enable-clocale=gnu --enable-libstdcxx-debug --enable-long-long --with-cloog=no --with-ppl=no --with-isl=no --disable-multilib --with-float=hard --with-mode=thumb --with-tune=cortex-a9 --with-arch=armv7-a --with-fpu=vfpv3-d16 --enable-threads=posix --enable-multiarch --enable-libstdcxx-time=yes --enable-gnu-indirect-function --with-build-sysroot=/home/tcwg-buildslave/workspace/tcwg-make-release/label/docker-trusty-amd64-tcwg-build/target/arm-linux-gnueabihf/_build/sysroots/arm-linux-gnueabihf --with-sysroot=/home/tcwg-buildslave/workspace/tcwg-make-release/label/docker-trusty-amd64-tcwg-build/target/arm-linux-gnueabihf/_build/builds/destdir/x86_64-unknown-linux-gnu/arm-linux-gnueabihf/libc --enable-checking=release --disable-bootstrap --enable-languages=c,c++,fortran,lto --build=x86_64-unknown-linux-gnu --host=x86_64-unknown-linux-gnu --target=arm-linux-gnueabihf --prefix=/home/tcwg-buildslave/workspace/tcwg-make-release/label/docker-trusty-amd64-tcwg-build/target/arm-linux-gnueabihf/_build/builds/destdir/x86_64-unknown-linux-gnu]
  ignore line: [Thread model: posix]
  ignore line: [gcc version 6.3.1 20170109 (Linaro GCC 6.3-2017.02) ]
  ignore line: [COMPILER_PATH=/home/donge/WorkSpace/tools/gcc-linaro-6.3.1-2017.02-x86_64_arm-linux-gnueabihf/bin/../libexec/gcc/arm-linux-gnueabihf/6.3.1/:/home/donge/WorkSpace/tools/gcc-linaro-6.3.1-2017.02-x86_64_arm-linux-gnueabihf/bin/../libexec/gcc/arm-linux-gnueabihf/:/home/donge/WorkSpace/tools/gcc-linaro-6.3.1-2017.02-x86_64_arm-linux-gnueabihf/bin/../libexec/gcc/:/home/donge/WorkSpace/tools/gcc-linaro-6.3.1-2017.02-x86_64_arm-linux-gnueabihf/bin/../lib/gcc/arm-linux-gnueabihf/6.3.1/../../../../arm-linux-gnueabihf/bin/]
  ignore line: [LIBRARY_PATH=/home/donge/WorkSpace/tools/gcc-linaro-6.3.1-2017.02-x86_64_arm-linux-gnueabihf/bin/../lib/gcc/arm-linux-gnueabihf/6.3.1/:/home/donge/WorkSpace/tools/gcc-linaro-6.3.1-2017.02-x86_64_arm-linux-gnueabihf/bin/../lib/gcc/arm-linux-gnueabihf/:/home/donge/WorkSpace/tools/gcc-linaro-6.3.1-2017.02-x86_64_arm-linux-gnueabihf/bin/../lib/gcc/:/home/donge/WorkSpace/tools/gcc-linaro-6.3.1-2017.02-x86_64_arm-linux-gnueabihf/bin/../lib/gcc/arm-linux-gnueabihf/6.3.1/../../../../arm-linux-gnueabihf/lib/:/home/donge/WorkSpace/tools/gcc-linaro-6.3.1-2017.02-x86_64_arm-linux-gnueabihf/bin/../arm-linux-gnueabihf/libc/lib/:/home/donge/WorkSpace/tools/gcc-linaro-6.3.1-2017.02-x86_64_arm-linux-gnueabihf/bin/../arm-linux-gnueabihf/libc/usr/lib/]
  ignore line: [COLLECT_GCC_OPTIONS='-v' '-o' 'cmTC_77690' '-march=armv7-a' '-mtune=cortex-a9' '-mfloat-abi=hard' '-mfpu=vfpv3-d16' '-mthumb' '-mtls-dialect=gnu']
  link line: [ /home/donge/WorkSpace/tools/gcc-linaro-6.3.1-2017.02-x86_64_arm-linux-gnueabihf/bin/../libexec/gcc/arm-linux-gnueabihf/6.3.1/collect2 -plugin /home/donge/WorkSpace/tools/gcc-linaro-6.3.1-2017.02-x86_64_arm-linux-gnueabihf/bin/../libexec/gcc/arm-linux-gnueabihf/6.3.1/liblto_plugin.so -plugin-opt=/home/donge/WorkSpace/tools/gcc-linaro-6.3.1-2017.02-x86_64_arm-linux-gnueabihf/bin/../libexec/gcc/arm-linux-gnueabihf/6.3.1/lto-wrapper -plugin-opt=-fresolution=/tmp/cc1joINY.res -plugin-opt=-pass-through=-lgcc -plugin-opt=-pass-through=-lgcc_s -plugin-opt=-pass-through=-lc -plugin-opt=-pass-through=-lgcc -plugin-opt=-pass-through=-lgcc_s --sysroot=/home/donge/WorkSpace/tools/gcc-linaro-6.3.1-2017.02-x86_64_arm-linux-gnueabihf/bin/../arm-linux-gnueabihf/libc --build-id --eh-frame-hdr -dynamic-linker /lib/ld-linux-armhf.so.3 -X -m armelf_linux_eabi -o cmTC_77690 /home/donge/WorkSpace/tools/gcc-linaro-6.3.1-2017.02-x86_64_arm-linux-gnueabihf/bin/../arm-linux-gnueabihf/libc/usr/lib/crt1.o /home/donge/WorkSpace/tools/gcc-linaro-6.3.1-2017.02-x86_64_arm-linux-gnueabihf/bin/../arm-linux-gnueabihf/libc/usr/lib/crti.o /home/donge/WorkSpace/tools/gcc-linaro-6.3.1-2017.02-x86_64_arm-linux-gnueabihf/bin/../lib/gcc/arm-linux-gnueabihf/6.3.1/crtbegin.o -L/home/donge/WorkSpace/tools/gcc-linaro-6.3.1-2017.02-x86_64_arm-linux-gnueabihf/bin/../lib/gcc/arm-linux-gnueabihf/6.3.1 -L/home/donge/WorkSpace/tools/gcc-linaro-6.3.1-2017.02-x86_64_arm-linux-gnueabihf/bin/../lib/gcc/arm-linux-gnueabihf -L/home/donge/WorkSpace/tools/gcc-linaro-6.3.1-2017.02-x86_64_arm-linux-gnueabihf/bin/../lib/gcc -L/home/donge/WorkSpace/tools/gcc-linaro-6.3.1-2017.02-x86_64_arm-linux-gnueabihf/bin/../lib/gcc/arm-linux-gnueabihf/6.3.1/../../../../arm-linux-gnueabihf/lib -L/home/donge/WorkSpace/tools/gcc-linaro-6.3.1-2017.02-x86_64_arm-linux-gnueabihf/bin/../arm-linux-gnueabihf/libc/lib -L/home/donge/WorkSpace/tools/gcc-linaro-6.3.1-2017.02-x86_64_arm-linux-gnueabihf/bin/../arm-linux-gnueabihf/libc/usr/lib CMakeFiles/cmTC_77690.dir/CMakeCCompilerABI.c.o -lgcc --as-needed -lgcc_s --no-as-needed -lc -lgcc --as-needed -lgcc_s --no-as-needed /home/donge/WorkSpace/tools/gcc-linaro-6.3.1-2017.02-x86_64_arm-linux-gnueabihf/bin/../lib/gcc/arm-linux-gnueabihf/6.3.1/crtend.o /home/donge/WorkSpace/tools/gcc-linaro-6.3.1-2017.02-x86_64_arm-linux-gnueabihf/bin/../arm-linux-gnueabihf/libc/usr/lib/crtn.o]
    arg [/home/donge/WorkSpace/tools/gcc-linaro-6.3.1-2017.02-x86_64_arm-linux-gnueabihf/bin/../libexec/gcc/arm-linux-gnueabihf/6.3.1/collect2] ==> ignore
    arg [-plugin] ==> ignore
    arg [/home/donge/WorkSpace/tools/gcc-linaro-6.3.1-2017.02-x86_64_arm-linux-gnueabihf/bin/../libexec/gcc/arm-linux-gnueabihf/6.3.1/liblto_plugin.so] ==> ignore
    arg [-plugin-opt=/home/donge/WorkSpace/tools/gcc-linaro-6.3.1-2017.02-x86_64_arm-linux-gnueabihf/bin/../libexec/gcc/arm-linux-gnueabihf/6.3.1/lto-wrapper] ==> ignore
    arg [-plugin-opt=-fresolution=/tmp/cc1joINY.res] ==> ignore
    arg [-plugin-opt=-pass-through=-lgcc] ==> ignore
    arg [-plugin-opt=-pass-through=-lgcc_s] ==> ignore
    arg [-plugin-opt=-pass-through=-lc] ==> ignore
    arg [-plugin-opt=-pass-through=-lgcc] ==> ignore
    arg [-plugin-opt=-pass-through=-lgcc_s] ==> ignore
    arg [--sysroot=/home/donge/WorkSpace/tools/gcc-linaro-6.3.1-2017.02-x86_64_arm-linux-gnueabihf/bin/../arm-linux-gnueabihf/libc] ==> ignore
    arg [--build-id] ==> ignore
    arg [--eh-frame-hdr] ==> ignore
    arg [-dynamic-linker] ==> ignore
    arg [/lib/ld-linux-armhf.so.3] ==> ignore
    arg [-X] ==> ignore
    arg [-m] ==> ignore
    arg [armelf_linux_eabi] ==> ignore
    arg [-o] ==> ignore
    arg [cmTC_77690] ==> ignore
    arg [/home/donge/WorkSpace/tools/gcc-linaro-6.3.1-2017.02-x86_64_arm-linux-gnueabihf/bin/../arm-linux-gnueabihf/libc/usr/lib/crt1.o] ==> obj [/home/donge/WorkSpace/tools/gcc-linaro-6.3.1-2017.02-x86_64_arm-linux-gnueabihf/bin/../arm-linux-gnueabihf/libc/usr/lib/crt1.o]
    arg [/home/donge/WorkSpace/tools/gcc-linaro-6.3.1-2017.02-x86_64_arm-linux-gnueabihf/bin/../arm-linux-gnueabihf/libc/usr/lib/crti.o] ==> obj [/home/donge/WorkSpace/tools/gcc-linaro-6.3.1-2017.02-x86_64_arm-linux-gnueabihf/bin/../arm-linux-gnueabihf/libc/usr/lib/crti.o]
    arg [/home/donge/WorkSpace/tools/gcc-linaro-6.3.1-2017.02-x86_64_arm-linux-gnueabihf/bin/../lib/gcc/arm-linux-gnueabihf/6.3.1/crtbegin.o] ==> obj [/home/donge/WorkSpace/tools/gcc-linaro-6.3.1-2017.02-x86_64_arm-linux-gnueabihf/bin/../lib/gcc/arm-linux-gnueabihf/6.3.1/crtbegin.o]
    arg [-L/home/donge/WorkSpace/tools/gcc-linaro-6.3.1-2017.02-x86_64_arm-linux-gnueabihf/bin/../lib/gcc/arm-linux-gnueabihf/6.3.1] ==> dir [/home/donge/WorkSpace/tools/gcc-linaro-6.3.1-2017.02-x86_64_arm-linux-gnueabihf/bin/../lib/gcc/arm-linux-gnueabihf/6.3.1]
    arg [-L/home/donge/WorkSpace/tools/gcc-linaro-6.3.1-2017.02-x86_64_arm-linux-gnueabihf/bin/../lib/gcc/arm-linux-gnueabihf] ==> dir [/home/donge/WorkSpace/tools/gcc-linaro-6.3.1-2017.02-x86_64_arm-linux-gnueabihf/bin/../lib/gcc/arm-linux-gnueabihf]
    arg [-L/home/donge/WorkSpace/tools/gcc-linaro-6.3.1-2017.02-x86_64_arm-linux-gnueabihf/bin/../lib/gcc] ==> dir [/home/donge/WorkSpace/tools/gcc-linaro-6.3.1-2017.02-x86_64_arm-linux-gnueabihf/bin/../lib/gcc]
    arg [-L/home/donge/WorkSpace/tools/gcc-linaro-6.3.1-2017.02-x86_64_arm-linux-gnueabihf/bin/../lib/gcc/arm-linux-gnueabihf/6.3.1/../../../../arm-linux-gnueabihf/lib] ==> dir [/home/donge/WorkSpace/tools/gcc-linaro-6.3.1-2017.02-x86_64_arm-linux-gnueabihf/bin/../lib/gcc/arm-linux-gnueabihf/6.3.1/../../../../arm-linux-gnueabihf/lib]
    arg [-L/home/donge/WorkSpace/tools/gcc-linaro-6.3.1-2017.02-x86_64_arm-linux-gnueabihf/bin/../arm-linux-gnueabihf/libc/lib] ==> dir [/home/donge/WorkSpace/tools/gcc-linaro-6.3.1-2017.02-x86_64_arm-linux-gnueabihf/bin/../arm-linux-gnueabihf/libc/lib]
    arg [-L/home/donge/WorkSpace/tools/gcc-linaro-6.3.1-2017.02-x86_64_arm-linux-gnueabihf/bin/../arm-linux-gnueabihf/libc/usr/lib] ==> dir [/home/donge/WorkSpace/tools/gcc-linaro-6.3.1-2017.02-x86_64_arm-linux-gnueabihf/bin/../arm-linux-gnueabihf/libc/usr/lib]
    arg [CMakeFiles/cmTC_77690.dir/CMakeCCompilerABI.c.o] ==> ignore
    arg [-lgcc] ==> lib [gcc]
    arg [--as-needed] ==> ignore
    arg [-lgcc_s] ==> lib [gcc_s]
    arg [--no-as-needed] ==> ignore
    arg [-lc] ==> lib [c]
    arg [-lgcc] ==> lib [gcc]
    arg [--as-needed] ==> ignore
    arg [-lgcc_s] ==> lib [gcc_s]
    arg [--no-as-needed] ==> ignore
    arg [/home/donge/WorkSpace/tools/gcc-linaro-6.3.1-2017.02-x86_64_arm-linux-gnueabihf/bin/../lib/gcc/arm-linux-gnueabihf/6.3.1/crtend.o] ==> obj [/home/donge/WorkSpace/tools/gcc-linaro-6.3.1-2017.02-x86_64_arm-linux-gnueabihf/bin/../lib/gcc/arm-linux-gnueabihf/6.3.1/crtend.o]
    arg [/home/donge/WorkSpace/tools/gcc-linaro-6.3.1-2017.02-x86_64_arm-linux-gnueabihf/bin/../arm-linux-gnueabihf/libc/usr/lib/crtn.o] ==> obj [/home/donge/WorkSpace/tools/gcc-linaro-6.3.1-2017.02-x86_64_arm-linux-gnueabihf/bin/../arm-linux-gnueabihf/libc/usr/lib/crtn.o]
  collapse obj [/home/donge/WorkSpace/tools/gcc-linaro-6.3.1-2017.02-x86_64_arm-linux-gnueabihf/bin/../arm-linux-gnueabihf/libc/usr/lib/crt1.o] ==> [/home/donge/WorkSpace/tools/gcc-linaro-6.3.1-2017.02-x86_64_arm-linux-gnueabihf/arm-linux-gnueabihf/libc/usr/lib/crt1.o]
  collapse obj [/home/donge/WorkSpace/tools/gcc-linaro-6.3.1-2017.02-x86_64_arm-linux-gnueabihf/bin/../arm-linux-gnueabihf/libc/usr/lib/crti.o] ==> [/home/donge/WorkSpace/tools/gcc-linaro-6.3.1-2017.02-x86_64_arm-linux-gnueabihf/arm-linux-gnueabihf/libc/usr/lib/crti.o]
  collapse obj [/home/donge/WorkSpace/tools/gcc-linaro-6.3.1-2017.02-x86_64_arm-linux-gnueabihf/bin/../lib/gcc/arm-linux-gnueabihf/6.3.1/crtbegin.o] ==> [/home/donge/WorkSpace/tools/gcc-linaro-6.3.1-2017.02-x86_64_arm-linux-gnueabihf/lib/gcc/arm-linux-gnueabihf/6.3.1/crtbegin.o]
  collapse obj [/home/donge/WorkSpace/tools/gcc-linaro-6.3.1-2017.02-x86_64_arm-linux-gnueabihf/bin/../lib/gcc/arm-linux-gnueabihf/6.3.1/crtend.o] ==> [/home/donge/WorkSpace/tools/gcc-linaro-6.3.1-2017.02-x86_64_arm-linux-gnueabihf/lib/gcc/arm-linux-gnueabihf/6.3.1/crtend.o]
  collapse obj [/home/donge/WorkSpace/tools/gcc-linaro-6.3.1-2017.02-x86_64_arm-linux-gnueabihf/bin/../arm-linux-gnueabihf/libc/usr/lib/crtn.o] ==> [/home/donge/WorkSpace/tools/gcc-linaro-6.3.1-2017.02-x86_64_arm-linux-gnueabihf/arm-linux-gnueabihf/libc/usr/lib/crtn.o]
  collapse library dir [/home/donge/WorkSpace/tools/gcc-linaro-6.3.1-2017.02-x86_64_arm-linux-gnueabihf/bin/../lib/gcc/arm-linux-gnueabihf/6.3.1] ==> [/home/donge/WorkSpace/tools/gcc-linaro-6.3.1-2017.02-x86_64_arm-linux-gnueabihf/lib/gcc/arm-linux-gnueabihf/6.3.1]
  collapse library dir [/home/donge/WorkSpace/tools/gcc-linaro-6.3.1-2017.02-x86_64_arm-linux-gnueabihf/bin/../lib/gcc/arm-linux-gnueabihf] ==> [/home/donge/WorkSpace/tools/gcc-linaro-6.3.1-2017.02-x86_64_arm-linux-gnueabihf/lib/gcc/arm-linux-gnueabihf]
  collapse library dir [/home/donge/WorkSpace/tools/gcc-linaro-6.3.1-2017.02-x86_64_arm-linux-gnueabihf/bin/../lib/gcc] ==> [/home/donge/WorkSpace/tools/gcc-linaro-6.3.1-2017.02-x86_64_arm-linux-gnueabihf/lib/gcc]
  collapse library dir [/home/donge/WorkSpace/tools/gcc-linaro-6.3.1-2017.02-x86_64_arm-linux-gnueabihf/bin/../lib/gcc/arm-linux-gnueabihf/6.3.1/../../../../arm-linux-gnueabihf/lib] ==> [/home/donge/WorkSpace/tools/gcc-linaro-6.3.1-2017.02-x86_64_arm-linux-gnueabihf/arm-linux-gnueabihf/lib]
  collapse library dir [/home/donge/WorkSpace/tools/gcc-linaro-6.3.1-2017.02-x86_64_arm-linux-gnueabihf/bin/../arm-linux-gnueabihf/libc/lib] ==> [/home/donge/WorkSpace/tools/gcc-linaro-6.3.1-2017.02-x86_64_arm-linux-gnueabihf/arm-linux-gnueabihf/libc/lib]
  collapse library dir [/home/donge/WorkSpace/tools/gcc-linaro-6.3.1-2017.02-x86_64_arm-linux-gnueabihf/bin/../arm-linux-gnueabihf/libc/usr/lib] ==> [/home/donge/WorkSpace/tools/gcc-linaro-6.3.1-2017.02-x86_64_arm-linux-gnueabihf/arm-linux-gnueabihf/libc/usr/lib]
  implicit libs: [gcc;gcc_s;c;gcc;gcc_s]
  implicit objs: [/home/donge/WorkSpace/tools/gcc-linaro-6.3.1-2017.02-x86_64_arm-linux-gnueabihf/arm-linux-gnueabihf/libc/usr/lib/crt1.o;/home/donge/WorkSpace/tools/gcc-linaro-6.3.1-2017.02-x86_64_arm-linux-gnueabihf/arm-linux-gnueabihf/libc/usr/lib/crti.o;/home/donge/WorkSpace/tools/gcc-linaro-6.3.1-2017.02-x86_64_arm-linux-gnueabihf/lib/gcc/arm-linux-gnueabihf/6.3.1/crtbegin.o;/home/donge/WorkSpace/tools/gcc-linaro-6.3.1-2017.02-x86_64_arm-linux-gnueabihf/lib/gcc/arm-linux-gnueabihf/6.3.1/crtend.o;/home/donge/WorkSpace/tools/gcc-linaro-6.3.1-2017.02-x86_64_arm-linux-gnueabihf/arm-linux-gnueabihf/libc/usr/lib/crtn.o]
  implicit dirs: [/home/donge/WorkSpace/tools/gcc-linaro-6.3.1-2017.02-x86_64_arm-linux-gnueabihf/lib/gcc/arm-linux-gnueabihf/6.3.1;/home/donge/WorkSpace/tools/gcc-linaro-6.3.1-2017.02-x86_64_arm-linux-gnueabihf/lib/gcc/arm-linux-gnueabihf;/home/donge/WorkSpace/tools/gcc-linaro-6.3.1-2017.02-x86_64_arm-linux-gnueabihf/lib/gcc;/home/donge/WorkSpace/tools/gcc-linaro-6.3.1-2017.02-x86_64_arm-linux-gnueabihf/arm-linux-gnueabihf/lib;/home/donge/WorkSpace/tools/gcc-linaro-6.3.1-2017.02-x86_64_arm-linux-gnueabihf/arm-linux-gnueabihf/libc/lib;/home/donge/WorkSpace/tools/gcc-linaro-6.3.1-2017.02-x86_64_arm-linux-gnueabihf/arm-linux-gnueabihf/libc/usr/lib]
  implicit fwks: []


Compiling the CXX compiler identification source file "CMakeCXXCompilerId.cpp" succeeded.
Compiler: /home/donge/WorkSpace/tools/gcc-linaro-6.3.1-2017.02-x86_64_arm-linux-gnueabihf/bin/arm-linux-gnueabihf-g++ 
Build flags: 
Id flags:  

The output was:
0


Compilation of the CXX compiler identification source "CMakeCXXCompilerId.cpp" produced "a.out"

The CXX compiler identification is GNU, found in "/home/donge/WorkSpace/Program/Desktop_focus/Firmware/TFT_App/build/CMakeFiles/3.22.1/CompilerIdCXX/a.out"

Detecting CXX compiler ABI info compiled with the following output:
Change Dir: /home/donge/WorkSpace/Program/Desktop_focus/Firmware/TFT_App/build/CMakeFiles/CMakeTmp

Run Build Command(s):/usr/bin/gmake -f Makefile cmTC_536ee/fast && /usr/bin/gmake  -f CMakeFiles/cmTC_536ee.dir/build.make CMakeFiles/cmTC_536ee.dir/build
gmake[1]: Entering directory '/home/donge/WorkSpace/Program/Desktop_focus/Firmware/TFT_App/build/CMakeFiles/CMakeTmp'
Building CXX object CMakeFiles/cmTC_536ee.dir/CMakeCXXCompilerABI.cpp.o
/home/donge/WorkSpace/tools/gcc-linaro-6.3.1-2017.02-x86_64_arm-linux-gnueabihf/bin/arm-linux-gnueabihf-g++   -v -o CMakeFiles/cmTC_536ee.dir/CMakeCXXCompilerABI.cpp.o -c /usr/share/cmake-3.22/Modules/CMakeCXXCompilerABI.cpp
Using built-in specs.
COLLECT_GCC=/home/donge/WorkSpace/tools/gcc-linaro-6.3.1-2017.02-x86_64_arm-linux-gnueabihf/bin/arm-linux-gnueabihf-g++
Target: arm-linux-gnueabihf
Configured with: /home/tcwg-buildslave/workspace/tcwg-make-release/label/docker-trusty-amd64-tcwg-build/target/arm-linux-gnueabihf/snapshots/gcc-linaro-6.3-2017.02/configure SHELL=/bin/bash --with-mpc=/home/tcwg-buildslave/workspace/tcwg-make-release/label/docker-trusty-amd64-tcwg-build/target/arm-linux-gnueabihf/_build/builds/destdir/x86_64-unknown-linux-gnu --with-mpfr=/home/tcwg-buildslave/workspace/tcwg-make-release/label/docker-trusty-amd64-tcwg-build/target/arm-linux-gnueabihf/_build/builds/destdir/x86_64-unknown-linux-gnu --with-gmp=/home/tcwg-buildslave/workspace/tcwg-make-release/label/docker-trusty-amd64-tcwg-build/target/arm-linux-gnueabihf/_build/builds/destdir/x86_64-unknown-linux-gnu --with-gnu-as --with-gnu-ld --disable-libmudflap --enable-lto --enable-objc-gc --enable-shared --without-included-gettext --enable-nls --disable-sjlj-exceptions --enable-gnu-unique-object --enable-linker-build-id --disable-libstdcxx-pch --enable-c99 --enable-clocale=gnu --enable-libstdcxx-debug --enable-long-long --with-cloog=no --with-ppl=no --with-isl=no --disable-multilib --with-float=hard --with-mode=thumb --with-tune=cortex-a9 --with-arch=armv7-a --with-fpu=vfpv3-d16 --enable-threads=posix --enable-multiarch --enable-libstdcxx-time=yes --enable-gnu-indirect-function --with-build-sysroot=/home/tcwg-buildslave/workspace/tcwg-make-release/label/docker-trusty-amd64-tcwg-build/target/arm-linux-gnueabihf/_build/sysroots/arm-linux-gnueabihf --with-sysroot=/home/tcwg-buildslave/workspace/tcwg-make-release/label/docker-trusty-amd64-tcwg-build/target/arm-linux-gnueabihf/_build/builds/destdir/x86_64-unknown-linux-gnu/arm-linux-gnueabihf/libc --enable-checking=release --disable-bootstrap --enable-languages=c,c++,fortran,lto --build=x86_64-unknown-linux-gnu --host=x86_64-unknown-linux-gnu --target=arm-linux-gnueabihf --prefix=/home/tcwg-buildslave/workspace/tcwg-make-release/label/docker-trusty-amd64-tcwg-build/target/arm-linux-gnueabihf/_build/builds/destdir/x86_64-unknown-linux-gnu
Thread model: posix
gcc version 6.3.1 20170109 (Linaro GCC 6.3-2017.02) 
COLLECT_GCC_OPTIONS='-v' '-o' 'CMakeFiles/cmTC_536ee.dir/CMakeCXXCompilerABI.cpp.o' '-c' '-shared-libgcc' '-march=armv7-a' '-mtune=cortex-a9' '-mfloat-abi=hard' '-mfpu=vfpv3-d16' '-mthumb' '-mtls-dialect=gnu'
 /home/donge/WorkSpace/tools/gcc-linaro-6.3.1-2017.02-x86_64_arm-linux-gnueabihf/bin/../libexec/gcc/arm-linux-gnueabihf/6.3.1/cc1plus -quiet -v -imultilib . -imultiarch arm-linux-gnueabihf -iprefix /home/donge/WorkSpace/tools/gcc-linaro-6.3.1-2017.02-x86_64_arm-linux-gnueabihf/bin/../lib/gcc/arm-linux-gnueabihf/6.3.1/ -isysroot /home/donge/WorkSpace/tools/gcc-linaro-6.3.1-2017.02-x86_64_arm-linux-gnueabihf/bin/../arm-linux-gnueabihf/libc -D_GNU_SOURCE /usr/share/cmake-3.22/Modules/CMakeCXXCompilerABI.cpp -quiet -dumpbase CMakeCXXCompilerABI.cpp -march=armv7-a -mtune=cortex-a9 -mfloat-abi=hard -mfpu=vfpv3-d16 -mthumb -mtls-dialect=gnu -auxbase-strip CMakeFiles/cmTC_536ee.dir/CMakeCXXCompilerABI.cpp.o -version -o /tmp/ccSIbFNc.s
GNU C++14 (Linaro GCC 6.3-2017.02) version 6.3.1 20170109 (arm-linux-gnueabihf)
	compiled by GNU C version 4.8.4, GMP version 6.1.0, MPFR version 3.1.4, MPC version 1.0.3, isl version none
GGC heuristics: --param ggc-min-expand=100 --param ggc-min-heapsize=131072
ignoring duplicate directory "/home/donge/WorkSpace/tools/gcc-linaro-6.3.1-2017.02-x86_64_arm-linux-gnueabihf/bin/../lib/gcc/../../lib/gcc/arm-linux-gnueabihf/6.3.1/../../../../arm-linux-gnueabihf/include/c++/6.3.1"
ignoring duplicate directory "/home/donge/WorkSpace/tools/gcc-linaro-6.3.1-2017.02-x86_64_arm-linux-gnueabihf/bin/../lib/gcc/../../lib/gcc/arm-linux-gnueabihf/6.3.1/../../../../arm-linux-gnueabihf/include/c++/6.3.1/arm-linux-gnueabihf/."
ignoring duplicate directory "/home/donge/WorkSpace/tools/gcc-linaro-6.3.1-2017.02-x86_64_arm-linux-gnueabihf/bin/../lib/gcc/../../lib/gcc/arm-linux-gnueabihf/6.3.1/../../../../arm-linux-gnueabihf/include/c++/6.3.1/backward"
ignoring duplicate directory "/home/donge/WorkSpace/tools/gcc-linaro-6.3.1-2017.02-x86_64_arm-linux-gnueabihf/bin/../lib/gcc/../../lib/gcc/arm-linux-gnueabihf/6.3.1/include"
ignoring nonexistent directory "/home/donge/WorkSpace/tools/gcc-linaro-6.3.1-2017.02-x86_64_arm-linux-gnueabihf/bin/../arm-linux-gnueabihf/libc/usr/local/include/arm-linux-gnueabihf"
ignoring nonexistent directory "/home/donge/WorkSpace/tools/gcc-linaro-6.3.1-2017.02-x86_64_arm-linux-gnueabihf/bin/../arm-linux-gnueabihf/libc/usr/local/include"
ignoring duplicate directory "/home/donge/WorkSpace/tools/gcc-linaro-6.3.1-2017.02-x86_64_arm-linux-gnueabihf/bin/../lib/gcc/../../lib/gcc/arm-linux-gnueabihf/6.3.1/include-fixed"
ignoring duplicate directory "/home/donge/WorkSpace/tools/gcc-linaro-6.3.1-2017.02-x86_64_arm-linux-gnueabihf/bin/../lib/gcc/../../lib/gcc/arm-linux-gnueabihf/6.3.1/../../../../arm-linux-gnueabihf/include"
ignoring nonexistent directory "/home/donge/WorkSpace/tools/gcc-linaro-6.3.1-2017.02-x86_64_arm-linux-gnueabihf/bin/../arm-linux-gnueabihf/libc/usr/include/arm-linux-gnueabihf"
#include "..." search starts here:
#include <...> search starts here:
 /home/donge/WorkSpace/tools/gcc-linaro-6.3.1-2017.02-x86_64_arm-linux-gnueabihf/bin/../lib/gcc/arm-linux-gnueabihf/6.3.1/../../../../arm-linux-gnueabihf/include/c++/6.3.1
 /home/donge/WorkSpace/tools/gcc-linaro-6.3.1-2017.02-x86_64_arm-linux-gnueabihf/bin/../lib/gcc/arm-linux-gnueabihf/6.3.1/../../../../arm-linux-gnueabihf/include/c++/6.3.1/arm-linux-gnueabihf/.
 /home/donge/WorkSpace/tools/gcc-linaro-6.3.1-2017.02-x86_64_arm-linux-gnueabihf/bin/../lib/gcc/arm-linux-gnueabihf/6.3.1/../../../../arm-linux-gnueabihf/include/c++/6.3.1/backward
 /home/donge/WorkSpace/tools/gcc-linaro-6.3.1-2017.02-x86_64_arm-linux-gnueabihf/bin/../lib/gcc/arm-linux-gnueabihf/6.3.1/include
 /home/donge/WorkSpace/tools/gcc-linaro-6.3.1-2017.02-x86_64_arm-linux-gnueabihf/bin/../lib/gcc/arm-linux-gnueabihf/6.3.1/include-fixed
 /home/donge/WorkSpace/tools/gcc-linaro-6.3.1-2017.02-x86_64_arm-linux-gnueabihf/bin/../lib/gcc/arm-linux-gnueabihf/6.3.1/../../../../arm-linux-gnueabihf/include
 /home/donge/WorkSpace/tools/gcc-linaro-6.3.1-2017.02-x86_64_arm-linux-gnueabihf/bin/../arm-linux-gnueabihf/libc/usr/include
End of search list.
GNU C++14 (Linaro GCC 6.3-2017.02) version 6.3.1 20170109 (arm-linux-gnueabihf)
	compiled by GNU C version 4.8.4, GMP version 6.1.0, MPFR version 3.1.4, MPC version 1.0.3, isl version none
GGC heuristics: --param ggc-min-expand=100 --param ggc-min-heapsize=131072
Compiler executable checksum: e83f8e5d23723993e9b4131850cdcc48
COLLECT_GCC_OPTIONS='-v' '-o' 'CMakeFiles/cmTC_536ee.dir/CMakeCXXCompilerABI.cpp.o' '-c' '-shared-libgcc' '-march=armv7-a' '-mtune=cortex-a9' '-mfloat-abi=hard' '-mfpu=vfpv3-d16' '-mthumb' '-mtls-dialect=gnu'
 /home/donge/WorkSpace/tools/gcc-linaro-6.3.1-2017.02-x86_64_arm-linux-gnueabihf/bin/../lib/gcc/arm-linux-gnueabihf/6.3.1/../../../../arm-linux-gnueabihf/bin/as -v -march=armv7-a -mfloat-abi=hard -mfpu=vfpv3-d16 -meabi=5 -o CMakeFiles/cmTC_536ee.dir/CMakeCXXCompilerABI.cpp.o /tmp/ccSIbFNc.s
GNU assembler version 2.27.0 (arm-linux-gnueabihf) using BFD version (Linaro_Binutils-2017.02) 2.27.0.20161019
COMPILER_PATH=/home/donge/WorkSpace/tools/gcc-linaro-6.3.1-2017.02-x86_64_arm-linux-gnueabihf/bin/../libexec/gcc/arm-linux-gnueabihf/6.3.1/:/home/donge/WorkSpace/tools/gcc-linaro-6.3.1-2017.02-x86_64_arm-linux-gnueabihf/bin/../libexec/gcc/arm-linux-gnueabihf/:/home/donge/WorkSpace/tools/gcc-linaro-6.3.1-2017.02-x86_64_arm-linux-gnueabihf/bin/../libexec/gcc/:/home/donge/WorkSpace/tools/gcc-linaro-6.3.1-2017.02-x86_64_arm-linux-gnueabihf/bin/../lib/gcc/arm-linux-gnueabihf/6.3.1/../../../../arm-linux-gnueabihf/bin/
LIBRARY_PATH=/home/donge/WorkSpace/tools/gcc-linaro-6.3.1-2017.02-x86_64_arm-linux-gnueabihf/bin/../lib/gcc/arm-linux-gnueabihf/6.3.1/:/home/donge/WorkSpace/tools/gcc-linaro-6.3.1-2017.02-x86_64_arm-linux-gnueabihf/bin/../lib/gcc/arm-linux-gnueabihf/:/home/donge/WorkSpace/tools/gcc-linaro-6.3.1-2017.02-x86_64_arm-linux-gnueabihf/bin/../lib/gcc/:/home/donge/WorkSpace/tools/gcc-linaro-6.3.1-2017.02-x86_64_arm-linux-gnueabihf/bin/../lib/gcc/arm-linux-gnueabihf/6.3.1/../../../../arm-linux-gnueabihf/lib/:/home/donge/WorkSpace/tools/gcc-linaro-6.3.1-2017.02-x86_64_arm-linux-gnueabihf/bin/../arm-linux-gnueabihf/libc/lib/:/home/donge/WorkSpace/tools/gcc-linaro-6.3.1-2017.02-x86_64_arm-linux-gnueabihf/bin/../arm-linux-gnueabihf/libc/usr/lib/
COLLECT_GCC_OPTIONS='-v' '-o' 'CMakeFiles/cmTC_536ee.dir/CMakeCXXCompilerABI.cpp.o' '-c' '-shared-libgcc' '-march=armv7-a' '-mtune=cortex-a9' '-mfloat-abi=hard' '-mfpu=vfpv3-d16' '-mthumb' '-mtls-dialect=gnu'
Linking CXX executable cmTC_536ee
/usr/bin/cmake -E cmake_link_script CMakeFiles/cmTC_536ee.dir/link.txt --verbose=1
/home/donge/WorkSpace/tools/gcc-linaro-6.3.1-2017.02-x86_64_arm-linux-gnueabihf/bin/arm-linux-gnueabihf-g++  -v CMakeFiles/cmTC_536ee.dir/CMakeCXXCompilerABI.cpp.o -o cmTC_536ee 
Using built-in specs.
COLLECT_GCC=/home/donge/WorkSpace/tools/gcc-linaro-6.3.1-2017.02-x86_64_arm-linux-gnueabihf/bin/arm-linux-gnueabihf-g++
COLLECT_LTO_WRAPPER=/home/donge/WorkSpace/tools/gcc-linaro-6.3.1-2017.02-x86_64_arm-linux-gnueabihf/bin/../libexec/gcc/arm-linux-gnueabihf/6.3.1/lto-wrapper
Target: arm-linux-gnueabihf
Configured with: /home/tcwg-buildslave/workspace/tcwg-make-release/label/docker-trusty-amd64-tcwg-build/target/arm-linux-gnueabihf/snapshots/gcc-linaro-6.3-2017.02/configure SHELL=/bin/bash --with-mpc=/home/tcwg-buildslave/workspace/tcwg-make-release/label/docker-trusty-amd64-tcwg-build/target/arm-linux-gnueabihf/_build/builds/destdir/x86_64-unknown-linux-gnu --with-mpfr=/home/tcwg-buildslave/workspace/tcwg-make-release/label/docker-trusty-amd64-tcwg-build/target/arm-linux-gnueabihf/_build/builds/destdir/x86_64-unknown-linux-gnu --with-gmp=/home/tcwg-buildslave/workspace/tcwg-make-release/label/docker-trusty-amd64-tcwg-build/target/arm-linux-gnueabihf/_build/builds/destdir/x86_64-unknown-linux-gnu --with-gnu-as --with-gnu-ld --disable-libmudflap --enable-lto --enable-objc-gc --enable-shared --without-included-gettext --enable-nls --disable-sjlj-exceptions --enable-gnu-unique-object --enable-linker-build-id --disable-libstdcxx-pch --enable-c99 --enable-clocale=gnu --enable-libstdcxx-debug --enable-long-long --with-cloog=no --with-ppl=no --with-isl=no --disable-multilib --with-float=hard --with-mode=thumb --with-tune=cortex-a9 --with-arch=armv7-a --with-fpu=vfpv3-d16 --enable-threads=posix --enable-multiarch --enable-libstdcxx-time=yes --enable-gnu-indirect-function --with-build-sysroot=/home/tcwg-buildslave/workspace/tcwg-make-release/label/docker-trusty-amd64-tcwg-build/target/arm-linux-gnueabihf/_build/sysroots/arm-linux-gnueabihf --with-sysroot=/home/tcwg-buildslave/workspace/tcwg-make-release/label/docker-trusty-amd64-tcwg-build/target/arm-linux-gnueabihf/_build/builds/destdir/x86_64-unknown-linux-gnu/arm-linux-gnueabihf/libc --enable-checking=release --disable-bootstrap --enable-languages=c,c++,fortran,lto --build=x86_64-unknown-linux-gnu --host=x86_64-unknown-linux-gnu --target=arm-linux-gnueabihf --prefix=/home/tcwg-buildslave/workspace/tcwg-make-release/label/docker-trusty-amd64-tcwg-build/target/arm-linux-gnueabihf/_build/builds/destdir/x86_64-unknown-linux-gnu
Thread model: posix
gcc version 6.3.1 20170109 (Linaro GCC 6.3-2017.02) 
COMPILER_PATH=/home/donge/WorkSpace/tools/gcc-linaro-6.3.1-2017.02-x86_64_arm-linux-gnueabihf/bin/../libexec/gcc/arm-linux-gnueabihf/6.3.1/:/home/donge/WorkSpace/tools/gcc-linaro-6.3.1-2017.02-x86_64_arm-linux-gnueabihf/bin/../libexec/gcc/arm-linux-gnueabihf/:/home/donge/WorkSpace/tools/gcc-linaro-6.3.1-2017.02-x86_64_arm-linux-gnueabihf/bin/../libexec/gcc/:/home/donge/WorkSpace/tools/gcc-linaro-6.3.1-2017.02-x86_64_arm-linux-gnueabihf/bin/../lib/gcc/arm-linux-gnueabihf/6.3.1/../../../../arm-linux-gnueabihf/bin/
LIBRARY_PATH=/home/donge/WorkSpace/tools/gcc-linaro-6.3.1-2017.02-x86_64_arm-linux-gnueabihf/bin/../lib/gcc/arm-linux-gnueabihf/6.3.1/:/home/donge/WorkSpace/tools/gcc-linaro-6.3.1-2017.02-x86_64_arm-linux-gnueabihf/bin/../lib/gcc/arm-linux-gnueabihf/:/home/donge/WorkSpace/tools/gcc-linaro-6.3.1-2017.02-x86_64_arm-linux-gnueabihf/bin/../lib/gcc/:/home/donge/WorkSpace/tools/gcc-linaro-6.3.1-2017.02-x86_64_arm-linux-gnueabihf/bin/../lib/gcc/arm-linux-gnueabihf/6.3.1/../../../../arm-linux-gnueabihf/lib/:/home/donge/WorkSpace/tools/gcc-linaro-6.3.1-2017.02-x86_64_arm-linux-gnueabihf/bin/../arm-linux-gnueabihf/libc/lib/:/home/donge/WorkSpace/tools/gcc-linaro-6.3.1-2017.02-x86_64_arm-linux-gnueabihf/bin/../arm-linux-gnueabihf/libc/usr/lib/
COLLECT_GCC_OPTIONS='-v' '-o' 'cmTC_536ee' '-shared-libgcc' '-march=armv7-a' '-mtune=cortex-a9' '-mfloat-abi=hard' '-mfpu=vfpv3-d16' '-mthumb' '-mtls-dialect=gnu'
 /home/donge/WorkSpace/tools/gcc-linaro-6.3.1-2017.02-x86_64_arm-linux-gnueabihf/bin/../libexec/gcc/arm-linux-gnueabihf/6.3.1/collect2 -plugin /home/donge/WorkSpace/tools/gcc-linaro-6.3.1-2017.02-x86_64_arm-linux-gnueabihf/bin/../libexec/gcc/arm-linux-gnueabihf/6.3.1/liblto_plugin.so -plugin-opt=/home/donge/WorkSpace/tools/gcc-linaro-6.3.1-2017.02-x86_64_arm-linux-gnueabihf/bin/../libexec/gcc/arm-linux-gnueabihf/6.3.1/lto-wrapper -plugin-opt=-fresolution=/tmp/cc8niZKw.res -plugin-opt=-pass-through=-lgcc_s -plugin-opt=-pass-through=-lgcc -plugin-opt=-pass-through=-lc -plugin-opt=-pass-through=-lgcc_s -plugin-opt=-pass-through=-lgcc --sysroot=/home/donge/WorkSpace/tools/gcc-linaro-6.3.1-2017.02-x86_64_arm-linux-gnueabihf/bin/../arm-linux-gnueabihf/libc --build-id --eh-frame-hdr -dynamic-linker /lib/ld-linux-armhf.so.3 -X -m armelf_linux_eabi -o cmTC_536ee /home/donge/WorkSpace/tools/gcc-linaro-6.3.1-2017.02-x86_64_arm-linux-gnueabihf/bin/../arm-linux-gnueabihf/libc/usr/lib/crt1.o /home/donge/WorkSpace/tools/gcc-linaro-6.3.1-2017.02-x86_64_arm-linux-gnueabihf/bin/../arm-linux-gnueabihf/libc/usr/lib/crti.o /home/donge/WorkSpace/tools/gcc-linaro-6.3.1-2017.02-x86_64_arm-linux-gnueabihf/bin/../lib/gcc/arm-linux-gnueabihf/6.3.1/crtbegin.o -L/home/donge/WorkSpace/tools/gcc-linaro-6.3.1-2017.02-x86_64_arm-linux-gnueabihf/bin/../lib/gcc/arm-linux-gnueabihf/6.3.1 -L/home/donge/WorkSpace/tools/gcc-linaro-6.3.1-2017.02-x86_64_arm-linux-gnueabihf/bin/../lib/gcc/arm-linux-gnueabihf -L/home/donge/WorkSpace/tools/gcc-linaro-6.3.1-2017.02-x86_64_arm-linux-gnueabihf/bin/../lib/gcc -L/home/donge/WorkSpace/tools/gcc-linaro-6.3.1-2017.02-x86_64_arm-linux-gnueabihf/bin/../lib/gcc/arm-linux-gnueabihf/6.3.1/../../../../arm-linux-gnueabihf/lib -L/home/donge/WorkSpace/tools/gcc-linaro-6.3.1-2017.02-x86_64_arm-linux-gnueabihf/bin/../arm-linux-gnueabihf/libc/lib -L/home/donge/WorkSpace/tools/gcc-linaro-6.3.1-2017.02-x86_64_arm-linux-gnueabihf/bin/../arm-linux-gnueabihf/libc/usr/lib CMakeFiles/cmTC_536ee.dir/CMakeCXXCompilerABI.cpp.o -lstdc++ -lm -lgcc_s -lgcc -lc -lgcc_s -lgcc /home/donge/WorkSpace/tools/gcc-linaro-6.3.1-2017.02-x86_64_arm-linux-gnueabihf/bin/../lib/gcc/arm-linux-gnueabihf/6.3.1/crtend.o /home/donge/WorkSpace/tools/gcc-linaro-6.3.1-2017.02-x86_64_arm-linux-gnueabihf/bin/../arm-linux-gnueabihf/libc/usr/lib/crtn.o
COLLECT_GCC_OPTIONS='-v' '-o' 'cmTC_536ee' '-shared-libgcc' '-march=armv7-a' '-mtune=cortex-a9' '-mfloat-abi=hard' '-mfpu=vfpv3-d16' '-mthumb' '-mtls-dialect=gnu'
gmake[1]: Leaving directory '/home/donge/WorkSpace/Program/Desktop_focus/Firmware/TFT_App/build/CMakeFiles/CMakeTmp'



Parsed CXX implicit include dir info from above output: rv=done
  found start of include info
  found start of implicit include info
    add: [/home/donge/WorkSpace/tools/gcc-linaro-6.3.1-2017.02-x86_64_arm-linux-gnueabihf/bin/../lib/gcc/arm-linux-gnueabihf/6.3.1/../../../../arm-linux-gnueabihf/include/c++/6.3.1]
    add: [/home/donge/WorkSpace/tools/gcc-linaro-6.3.1-2017.02-x86_64_arm-linux-gnueabihf/bin/../lib/gcc/arm-linux-gnueabihf/6.3.1/../../../../arm-linux-gnueabihf/include/c++/6.3.1/arm-linux-gnueabihf/.]
    add: [/home/donge/WorkSpace/tools/gcc-linaro-6.3.1-2017.02-x86_64_arm-linux-gnueabihf/bin/../lib/gcc/arm-linux-gnueabihf/6.3.1/../../../../arm-linux-gnueabihf/include/c++/6.3.1/backward]
    add: [/home/donge/WorkSpace/tools/gcc-linaro-6.3.1-2017.02-x86_64_arm-linux-gnueabihf/bin/../lib/gcc/arm-linux-gnueabihf/6.3.1/include]
    add: [/home/donge/WorkSpace/tools/gcc-linaro-6.3.1-2017.02-x86_64_arm-linux-gnueabihf/bin/../lib/gcc/arm-linux-gnueabihf/6.3.1/include-fixed]
    add: [/home/donge/WorkSpace/tools/gcc-linaro-6.3.1-2017.02-x86_64_arm-linux-gnueabihf/bin/../lib/gcc/arm-linux-gnueabihf/6.3.1/../../../../arm-linux-gnueabihf/include]
    add: [/home/donge/WorkSpace/tools/gcc-linaro-6.3.1-2017.02-x86_64_arm-linux-gnueabihf/bin/../arm-linux-gnueabihf/libc/usr/include]
  end of search list found
  collapse include dir [/home/donge/WorkSpace/tools/gcc-linaro-6.3.1-2017.02-x86_64_arm-linux-gnueabihf/bin/../lib/gcc/arm-linux-gnueabihf/6.3.1/../../../../arm-linux-gnueabihf/include/c++/6.3.1] ==> [/home/donge/WorkSpace/tools/gcc-linaro-6.3.1-2017.02-x86_64_arm-linux-gnueabihf/arm-linux-gnueabihf/include/c++/6.3.1]
  collapse include dir [/home/donge/WorkSpace/tools/gcc-linaro-6.3.1-2017.02-x86_64_arm-linux-gnueabihf/bin/../lib/gcc/arm-linux-gnueabihf/6.3.1/../../../../arm-linux-gnueabihf/include/c++/6.3.1/arm-linux-gnueabihf/.] ==> [/home/donge/WorkSpace/tools/gcc-linaro-6.3.1-2017.02-x86_64_arm-linux-gnueabihf/arm-linux-gnueabihf/include/c++/6.3.1/arm-linux-gnueabihf]
  collapse include dir [/home/donge/WorkSpace/tools/gcc-linaro-6.3.1-2017.02-x86_64_arm-linux-gnueabihf/bin/../lib/gcc/arm-linux-gnueabihf/6.3.1/../../../../arm-linux-gnueabihf/include/c++/6.3.1/backward] ==> [/home/donge/WorkSpace/tools/gcc-linaro-6.3.1-2017.02-x86_64_arm-linux-gnueabihf/arm-linux-gnueabihf/include/c++/6.3.1/backward]
  collapse include dir [/home/donge/WorkSpace/tools/gcc-linaro-6.3.1-2017.02-x86_64_arm-linux-gnueabihf/bin/../lib/gcc/arm-linux-gnueabihf/6.3.1/include] ==> [/home/donge/WorkSpace/tools/gcc-linaro-6.3.1-2017.02-x86_64_arm-linux-gnueabihf/lib/gcc/arm-linux-gnueabihf/6.3.1/include]
  collapse include dir [/home/donge/WorkSpace/tools/gcc-linaro-6.3.1-2017.02-x86_64_arm-linux-gnueabihf/bin/../lib/gcc/arm-linux-gnueabihf/6.3.1/include-fixed] ==> [/home/donge/WorkSpace/tools/gcc-linaro-6.3.1-2017.02-x86_64_arm-linux-gnueabihf/lib/gcc/arm-linux-gnueabihf/6.3.1/include-fixed]
  collapse include dir [/home/donge/WorkSpace/tools/gcc-linaro-6.3.1-2017.02-x86_64_arm-linux-gnueabihf/bin/../lib/gcc/arm-linux-gnueabihf/6.3.1/../../../../arm-linux-gnueabihf/include] ==> [/home/donge/WorkSpace/tools/gcc-linaro-6.3.1-2017.02-x86_64_arm-linux-gnueabihf/arm-linux-gnueabihf/include]
  collapse include dir [/home/donge/WorkSpace/tools/gcc-linaro-6.3.1-2017.02-x86_64_arm-linux-gnueabihf/bin/../arm-linux-gnueabihf/libc/usr/include] ==> [/home/donge/WorkSpace/tools/gcc-linaro-6.3.1-2017.02-x86_64_arm-linux-gnueabihf/arm-linux-gnueabihf/libc/usr/include]
  implicit include dirs: [/home/donge/WorkSpace/tools/gcc-linaro-6.3.1-2017.02-x86_64_arm-linux-gnueabihf/arm-linux-gnueabihf/include/c++/6.3.1;/home/donge/WorkSpace/tools/gcc-linaro-6.3.1-2017.02-x86_64_arm-linux-gnueabihf/arm-linux-gnueabihf/include/c++/6.3.1/arm-linux-gnueabihf;/home/donge/WorkSpace/tools/gcc-linaro-6.3.1-2017.02-x86_64_arm-linux-gnueabihf/arm-linux-gnueabihf/include/c++/6.3.1/backward;/home/donge/WorkSpace/tools/gcc-linaro-6.3.1-2017.02-x86_64_arm-linux-gnueabihf/lib/gcc/arm-linux-gnueabihf/6.3.1/include;/home/donge/WorkSpace/tools/gcc-linaro-6.3.1-2017.02-x86_64_arm-linux-gnueabihf/lib/gcc/arm-linux-gnueabihf/6.3.1/include-fixed;/home/donge/WorkSpace/tools/gcc-linaro-6.3.1-2017.02-x86_64_arm-linux-gnueabihf/arm-linux-gnueabihf/include;/home/donge/WorkSpace/tools/gcc-linaro-6.3.1-2017.02-x86_64_arm-linux-gnueabihf/arm-linux-gnueabihf/libc/usr/include]


Parsed CXX implicit link information from above output:
  link line regex: [^( *|.*[/\])(ld|CMAKE_LINK_STARTFILE-NOTFOUND|([^/\]+-)?ld|collect2)[^/\]*( |$)]
  ignore line: [Change Dir: /home/donge/WorkSpace/Program/Desktop_focus/Firmware/TFT_App/build/CMakeFiles/CMakeTmp]
  ignore line: []
  ignore line: [Run Build Command(s):/usr/bin/gmake -f Makefile cmTC_536ee/fast && /usr/bin/gmake  -f CMakeFiles/cmTC_536ee.dir/build.make CMakeFiles/cmTC_536ee.dir/build]
  ignore line: [gmake[1]: Entering directory '/home/donge/WorkSpace/Program/Desktop_focus/Firmware/TFT_App/build/CMakeFiles/CMakeTmp']
  ignore line: [Building CXX object CMakeFiles/cmTC_536ee.dir/CMakeCXXCompilerABI.cpp.o]
  ignore line: [/home/donge/WorkSpace/tools/gcc-linaro-6.3.1-2017.02-x86_64_arm-linux-gnueabihf/bin/arm-linux-gnueabihf-g++   -v -o CMakeFiles/cmTC_536ee.dir/CMakeCXXCompilerABI.cpp.o -c /usr/share/cmake-3.22/Modules/CMakeCXXCompilerABI.cpp]
  ignore line: [Using built-in specs.]
  ignore line: [COLLECT_GCC=/home/donge/WorkSpace/tools/gcc-linaro-6.3.1-2017.02-x86_64_arm-linux-gnueabihf/bin/arm-linux-gnueabihf-g++]
  ignore line: [Target: arm-linux-gnueabihf]
  ignore line: [Configured with: /home/tcwg-buildslave/workspace/tcwg-make-release/label/docker-trusty-amd64-tcwg-build/target/arm-linux-gnueabihf/snapshots/gcc-linaro-6.3-2017.02/configure SHELL=/bin/bash --with-mpc=/home/tcwg-buildslave/workspace/tcwg-make-release/label/docker-trusty-amd64-tcwg-build/target/arm-linux-gnueabihf/_build/builds/destdir/x86_64-unknown-linux-gnu --with-mpfr=/home/tcwg-buildslave/workspace/tcwg-make-release/label/docker-trusty-amd64-tcwg-build/target/arm-linux-gnueabihf/_build/builds/destdir/x86_64-unknown-linux-gnu --with-gmp=/home/tcwg-buildslave/workspace/tcwg-make-release/label/docker-trusty-amd64-tcwg-build/target/arm-linux-gnueabihf/_build/builds/destdir/x86_64-unknown-linux-gnu --with-gnu-as --with-gnu-ld --disable-libmudflap --enable-lto --enable-objc-gc --enable-shared --without-included-gettext --enable-nls --disable-sjlj-exceptions --enable-gnu-unique-object --enable-linker-build-id --disable-libstdcxx-pch --enable-c99 --enable-clocale=gnu --enable-libstdcxx-debug --enable-long-long --with-cloog=no --with-ppl=no --with-isl=no --disable-multilib --with-float=hard --with-mode=thumb --with-tune=cortex-a9 --with-arch=armv7-a --with-fpu=vfpv3-d16 --enable-threads=posix --enable-multiarch --enable-libstdcxx-time=yes --enable-gnu-indirect-function --with-build-sysroot=/home/tcwg-buildslave/workspace/tcwg-make-release/label/docker-trusty-amd64-tcwg-build/target/arm-linux-gnueabihf/_build/sysroots/arm-linux-gnueabihf --with-sysroot=/home/tcwg-buildslave/workspace/tcwg-make-release/label/docker-trusty-amd64-tcwg-build/target/arm-linux-gnueabihf/_build/builds/destdir/x86_64-unknown-linux-gnu/arm-linux-gnueabihf/libc --enable-checking=release --disable-bootstrap --enable-languages=c,c++,fortran,lto --build=x86_64-unknown-linux-gnu --host=x86_64-unknown-linux-gnu --target=arm-linux-gnueabihf --prefix=/home/tcwg-buildslave/workspace/tcwg-make-release/label/docker-trusty-amd64-tcwg-build/target/arm-linux-gnueabihf/_build/builds/destdir/x86_64-unknown-linux-gnu]
  ignore line: [Thread model: posix]
  ignore line: [gcc version 6.3.1 20170109 (Linaro GCC 6.3-2017.02) ]
  ignore line: [COLLECT_GCC_OPTIONS='-v' '-o' 'CMakeFiles/cmTC_536ee.dir/CMakeCXXCompilerABI.cpp.o' '-c' '-shared-libgcc' '-march=armv7-a' '-mtune=cortex-a9' '-mfloat-abi=hard' '-mfpu=vfpv3-d16' '-mthumb' '-mtls-dialect=gnu']
  ignore line: [ /home/donge/WorkSpace/tools/gcc-linaro-6.3.1-2017.02-x86_64_arm-linux-gnueabihf/bin/../libexec/gcc/arm-linux-gnueabihf/6.3.1/cc1plus -quiet -v -imultilib . -imultiarch arm-linux-gnueabihf -iprefix /home/donge/WorkSpace/tools/gcc-linaro-6.3.1-2017.02-x86_64_arm-linux-gnueabihf/bin/../lib/gcc/arm-linux-gnueabihf/6.3.1/ -isysroot /home/donge/WorkSpace/tools/gcc-linaro-6.3.1-2017.02-x86_64_arm-linux-gnueabihf/bin/../arm-linux-gnueabihf/libc -D_GNU_SOURCE /usr/share/cmake-3.22/Modules/CMakeCXXCompilerABI.cpp -quiet -dumpbase CMakeCXXCompilerABI.cpp -march=armv7-a -mtune=cortex-a9 -mfloat-abi=hard -mfpu=vfpv3-d16 -mthumb -mtls-dialect=gnu -auxbase-strip CMakeFiles/cmTC_536ee.dir/CMakeCXXCompilerABI.cpp.o -version -o /tmp/ccSIbFNc.s]
  ignore line: [GNU C++14 (Linaro GCC 6.3-2017.02) version 6.3.1 20170109 (arm-linux-gnueabihf)]
  ignore line: [	compiled by GNU C version 4.8.4  GMP version 6.1.0  MPFR version 3.1.4  MPC version 1.0.3  isl version none]
  ignore line: [GGC heuristics: --param ggc-min-expand=100 --param ggc-min-heapsize=131072]
  ignore line: [ignoring duplicate directory "/home/donge/WorkSpace/tools/gcc-linaro-6.3.1-2017.02-x86_64_arm-linux-gnueabihf/bin/../lib/gcc/../../lib/gcc/arm-linux-gnueabihf/6.3.1/../../../../arm-linux-gnueabihf/include/c++/6.3.1"]
  ignore line: [ignoring duplicate directory "/home/donge/WorkSpace/tools/gcc-linaro-6.3.1-2017.02-x86_64_arm-linux-gnueabihf/bin/../lib/gcc/../../lib/gcc/arm-linux-gnueabihf/6.3.1/../../../../arm-linux-gnueabihf/include/c++/6.3.1/arm-linux-gnueabihf/."]
  ignore line: [ignoring duplicate directory "/home/donge/WorkSpace/tools/gcc-linaro-6.3.1-2017.02-x86_64_arm-linux-gnueabihf/bin/../lib/gcc/../../lib/gcc/arm-linux-gnueabihf/6.3.1/../../../../arm-linux-gnueabihf/include/c++/6.3.1/backward"]
  ignore line: [ignoring duplicate directory "/home/donge/WorkSpace/tools/gcc-linaro-6.3.1-2017.02-x86_64_arm-linux-gnueabihf/bin/../lib/gcc/../../lib/gcc/arm-linux-gnueabihf/6.3.1/include"]
  ignore line: [ignoring nonexistent directory "/home/donge/WorkSpace/tools/gcc-linaro-6.3.1-2017.02-x86_64_arm-linux-gnueabihf/bin/../arm-linux-gnueabihf/libc/usr/local/include/arm-linux-gnueabihf"]
  ignore line: [ignoring nonexistent directory "/home/donge/WorkSpace/tools/gcc-linaro-6.3.1-2017.02-x86_64_arm-linux-gnueabihf/bin/../arm-linux-gnueabihf/libc/usr/local/include"]
  ignore line: [ignoring duplicate directory "/home/donge/WorkSpace/tools/gcc-linaro-6.3.1-2017.02-x86_64_arm-linux-gnueabihf/bin/../lib/gcc/../../lib/gcc/arm-linux-gnueabihf/6.3.1/include-fixed"]
  ignore line: [ignoring duplicate directory "/home/donge/WorkSpace/tools/gcc-linaro-6.3.1-2017.02-x86_64_arm-linux-gnueabihf/bin/../lib/gcc/../../lib/gcc/arm-linux-gnueabihf/6.3.1/../../../../arm-linux-gnueabihf/include"]
  ignore line: [ignoring nonexistent directory "/home/donge/WorkSpace/tools/gcc-linaro-6.3.1-2017.02-x86_64_arm-linux-gnueabihf/bin/../arm-linux-gnueabihf/libc/usr/include/arm-linux-gnueabihf"]
  ignore line: [#include "..." search starts here:]
  ignore line: [#include <...> search starts here:]
  ignore line: [ /home/donge/WorkSpace/tools/gcc-linaro-6.3.1-2017.02-x86_64_arm-linux-gnueabihf/bin/../lib/gcc/arm-linux-gnueabihf/6.3.1/../../../../arm-linux-gnueabihf/include/c++/6.3.1]
  ignore line: [ /home/donge/WorkSpace/tools/gcc-linaro-6.3.1-2017.02-x86_64_arm-linux-gnueabihf/bin/../lib/gcc/arm-linux-gnueabihf/6.3.1/../../../../arm-linux-gnueabihf/include/c++/6.3.1/arm-linux-gnueabihf/.]
  ignore line: [ /home/donge/WorkSpace/tools/gcc-linaro-6.3.1-2017.02-x86_64_arm-linux-gnueabihf/bin/../lib/gcc/arm-linux-gnueabihf/6.3.1/../../../../arm-linux-gnueabihf/include/c++/6.3.1/backward]
  ignore line: [ /home/donge/WorkSpace/tools/gcc-linaro-6.3.1-2017.02-x86_64_arm-linux-gnueabihf/bin/../lib/gcc/arm-linux-gnueabihf/6.3.1/include]
  ignore line: [ /home/donge/WorkSpace/tools/gcc-linaro-6.3.1-2017.02-x86_64_arm-linux-gnueabihf/bin/../lib/gcc/arm-linux-gnueabihf/6.3.1/include-fixed]
  ignore line: [ /home/donge/WorkSpace/tools/gcc-linaro-6.3.1-2017.02-x86_64_arm-linux-gnueabihf/bin/../lib/gcc/arm-linux-gnueabihf/6.3.1/../../../../arm-linux-gnueabihf/include]
  ignore line: [ /home/donge/WorkSpace/tools/gcc-linaro-6.3.1-2017.02-x86_64_arm-linux-gnueabihf/bin/../arm-linux-gnueabihf/libc/usr/include]
  ignore line: [End of search list.]
  ignore line: [GNU C++14 (Linaro GCC 6.3-2017.02) version 6.3.1 20170109 (arm-linux-gnueabihf)]
  ignore line: [	compiled by GNU C version 4.8.4  GMP version 6.1.0  MPFR version 3.1.4  MPC version 1.0.3  isl version none]
  ignore line: [GGC heuristics: --param ggc-min-expand=100 --param ggc-min-heapsize=131072]
  ignore line: [Compiler executable checksum: e83f8e5d23723993e9b4131850cdcc48]
  ignore line: [COLLECT_GCC_OPTIONS='-v' '-o' 'CMakeFiles/cmTC_536ee.dir/CMakeCXXCompilerABI.cpp.o' '-c' '-shared-libgcc' '-march=armv7-a' '-mtune=cortex-a9' '-mfloat-abi=hard' '-mfpu=vfpv3-d16' '-mthumb' '-mtls-dialect=gnu']
  ignore line: [ /home/donge/WorkSpace/tools/gcc-linaro-6.3.1-2017.02-x86_64_arm-linux-gnueabihf/bin/../lib/gcc/arm-linux-gnueabihf/6.3.1/../../../../arm-linux-gnueabihf/bin/as -v -march=armv7-a -mfloat-abi=hard -mfpu=vfpv3-d16 -meabi=5 -o CMakeFiles/cmTC_536ee.dir/CMakeCXXCompilerABI.cpp.o /tmp/ccSIbFNc.s]
  ignore line: [GNU assembler version 2.27.0 (arm-linux-gnueabihf) using BFD version (Linaro_Binutils-2017.02) 2.27.0.20161019]
  ignore line: [COMPILER_PATH=/home/donge/WorkSpace/tools/gcc-linaro-6.3.1-2017.02-x86_64_arm-linux-gnueabihf/bin/../libexec/gcc/arm-linux-gnueabihf/6.3.1/:/home/donge/WorkSpace/tools/gcc-linaro-6.3.1-2017.02-x86_64_arm-linux-gnueabihf/bin/../libexec/gcc/arm-linux-gnueabihf/:/home/donge/WorkSpace/tools/gcc-linaro-6.3.1-2017.02-x86_64_arm-linux-gnueabihf/bin/../libexec/gcc/:/home/donge/WorkSpace/tools/gcc-linaro-6.3.1-2017.02-x86_64_arm-linux-gnueabihf/bin/../lib/gcc/arm-linux-gnueabihf/6.3.1/../../../../arm-linux-gnueabihf/bin/]
  ignore line: [LIBRARY_PATH=/home/donge/WorkSpace/tools/gcc-linaro-6.3.1-2017.02-x86_64_arm-linux-gnueabihf/bin/../lib/gcc/arm-linux-gnueabihf/6.3.1/:/home/donge/WorkSpace/tools/gcc-linaro-6.3.1-2017.02-x86_64_arm-linux-gnueabihf/bin/../lib/gcc/arm-linux-gnueabihf/:/home/donge/WorkSpace/tools/gcc-linaro-6.3.1-2017.02-x86_64_arm-linux-gnueabihf/bin/../lib/gcc/:/home/donge/WorkSpace/tools/gcc-linaro-6.3.1-2017.02-x86_64_arm-linux-gnueabihf/bin/../lib/gcc/arm-linux-gnueabihf/6.3.1/../../../../arm-linux-gnueabihf/lib/:/home/donge/WorkSpace/tools/gcc-linaro-6.3.1-2017.02-x86_64_arm-linux-gnueabihf/bin/../arm-linux-gnueabihf/libc/lib/:/home/donge/WorkSpace/tools/gcc-linaro-6.3.1-2017.02-x86_64_arm-linux-gnueabihf/bin/../arm-linux-gnueabihf/libc/usr/lib/]
  ignore line: [COLLECT_GCC_OPTIONS='-v' '-o' 'CMakeFiles/cmTC_536ee.dir/CMakeCXXCompilerABI.cpp.o' '-c' '-shared-libgcc' '-march=armv7-a' '-mtune=cortex-a9' '-mfloat-abi=hard' '-mfpu=vfpv3-d16' '-mthumb' '-mtls-dialect=gnu']
  ignore line: [Linking CXX executable cmTC_536ee]
  ignore line: [/usr/bin/cmake -E cmake_link_script CMakeFiles/cmTC_536ee.dir/link.txt --verbose=1]
  ignore line: [/home/donge/WorkSpace/tools/gcc-linaro-6.3.1-2017.02-x86_64_arm-linux-gnueabihf/bin/arm-linux-gnueabihf-g++  -v CMakeFiles/cmTC_536ee.dir/CMakeCXXCompilerABI.cpp.o -o cmTC_536ee ]
  ignore line: [Using built-in specs.]
  ignore line: [COLLECT_GCC=/home/donge/WorkSpace/tools/gcc-linaro-6.3.1-2017.02-x86_64_arm-linux-gnueabihf/bin/arm-linux-gnueabihf-g++]
  ignore line: [COLLECT_LTO_WRAPPER=/home/donge/WorkSpace/tools/gcc-linaro-6.3.1-2017.02-x86_64_arm-linux-gnueabihf/bin/../libexec/gcc/arm-linux-gnueabihf/6.3.1/lto-wrapper]
  ignore line: [Target: arm-linux-gnueabihf]
  ignore line: [Configured with: /home/tcwg-buildslave/workspace/tcwg-make-release/label/docker-trusty-amd64-tcwg-build/target/arm-linux-gnueabihf/snapshots/gcc-linaro-6.3-2017.02/configure SHELL=/bin/bash --with-mpc=/home/tcwg-buildslave/workspace/tcwg-make-release/label/docker-trusty-amd64-tcwg-build/target/arm-linux-gnueabihf/_build/builds/destdir/x86_64-unknown-linux-gnu --with-mpfr=/home/tcwg-buildslave/workspace/tcwg-make-release/label/docker-trusty-amd64-tcwg-build/target/arm-linux-gnueabihf/_build/builds/destdir/x86_64-unknown-linux-gnu --with-gmp=/home/tcwg-buildslave/workspace/tcwg-make-release/label/docker-trusty-amd64-tcwg-build/target/arm-linux-gnueabihf/_build/builds/destdir/x86_64-unknown-linux-gnu --with-gnu-as --with-gnu-ld --disable-libmudflap --enable-lto --enable-objc-gc --enable-shared --without-included-gettext --enable-nls --disable-sjlj-exceptions --enable-gnu-unique-object --enable-linker-build-id --disable-libstdcxx-pch --enable-c99 --enable-clocale=gnu --enable-libstdcxx-debug --enable-long-long --with-cloog=no --with-ppl=no --with-isl=no --disable-multilib --with-float=hard --with-mode=thumb --with-tune=cortex-a9 --with-arch=armv7-a --with-fpu=vfpv3-d16 --enable-threads=posix --enable-multiarch --enable-libstdcxx-time=yes --enable-gnu-indirect-function --with-build-sysroot=/home/tcwg-buildslave/workspace/tcwg-make-release/label/docker-trusty-amd64-tcwg-build/target/arm-linux-gnueabihf/_build/sysroots/arm-linux-gnueabihf --with-sysroot=/home/tcwg-buildslave/workspace/tcwg-make-release/label/docker-trusty-amd64-tcwg-build/target/arm-linux-gnueabihf/_build/builds/destdir/x86_64-unknown-linux-gnu/arm-linux-gnueabihf/libc --enable-checking=release --disable-bootstrap --enable-languages=c,c++,fortran,lto --build=x86_64-unknown-linux-gnu --host=x86_64-unknown-linux-gnu --target=arm-linux-gnueabihf --prefix=/home/tcwg-buildslave/workspace/tcwg-make-release/label/docker-trusty-amd64-tcwg-build/target/arm-linux-gnueabihf/_build/builds/destdir/x86_64-unknown-linux-gnu]
  ignore line: [Thread model: posix]
  ignore line: [gcc version 6.3.1 20170109 (Linaro GCC 6.3-2017.02) ]
  ignore line: [COMPILER_PATH=/home/donge/WorkSpace/tools/gcc-linaro-6.3.1-2017.02-x86_64_arm-linux-gnueabihf/bin/../libexec/gcc/arm-linux-gnueabihf/6.3.1/:/home/donge/WorkSpace/tools/gcc-linaro-6.3.1-2017.02-x86_64_arm-linux-gnueabihf/bin/../libexec/gcc/arm-linux-gnueabihf/:/home/donge/WorkSpace/tools/gcc-linaro-6.3.1-2017.02-x86_64_arm-linux-gnueabihf/bin/../libexec/gcc/:/home/donge/WorkSpace/tools/gcc-linaro-6.3.1-2017.02-x86_64_arm-linux-gnueabihf/bin/../lib/gcc/arm-linux-gnueabihf/6.3.1/../../../../arm-linux-gnueabihf/bin/]
  ignore line: [LIBRARY_PATH=/home/donge/WorkSpace/tools/gcc-linaro-6.3.1-2017.02-x86_64_arm-linux-gnueabihf/bin/../lib/gcc/arm-linux-gnueabihf/6.3.1/:/home/donge/WorkSpace/tools/gcc-linaro-6.3.1-2017.02-x86_64_arm-linux-gnueabihf/bin/../lib/gcc/arm-linux-gnueabihf/:/home/donge/WorkSpace/tools/gcc-linaro-6.3.1-2017.02-x86_64_arm-linux-gnueabihf/bin/../lib/gcc/:/home/donge/WorkSpace/tools/gcc-linaro-6.3.1-2017.02-x86_64_arm-linux-gnueabihf/bin/../lib/gcc/arm-linux-gnueabihf/6.3.1/../../../../arm-linux-gnueabihf/lib/:/home/donge/WorkSpace/tools/gcc-linaro-6.3.1-2017.02-x86_64_arm-linux-gnueabihf/bin/../arm-linux-gnueabihf/libc/lib/:/home/donge/WorkSpace/tools/gcc-linaro-6.3.1-2017.02-x86_64_arm-linux-gnueabihf/bin/../arm-linux-gnueabihf/libc/usr/lib/]
  ignore line: [COLLECT_GCC_OPTIONS='-v' '-o' 'cmTC_536ee' '-shared-libgcc' '-march=armv7-a' '-mtune=cortex-a9' '-mfloat-abi=hard' '-mfpu=vfpv3-d16' '-mthumb' '-mtls-dialect=gnu']
  link line: [ /home/donge/WorkSpace/tools/gcc-linaro-6.3.1-2017.02-x86_64_arm-linux-gnueabihf/bin/../libexec/gcc/arm-linux-gnueabihf/6.3.1/collect2 -plugin /home/donge/WorkSpace/tools/gcc-linaro-6.3.1-2017.02-x86_64_arm-linux-gnueabihf/bin/../libexec/gcc/arm-linux-gnueabihf/6.3.1/liblto_plugin.so -plugin-opt=/home/donge/WorkSpace/tools/gcc-linaro-6.3.1-2017.02-x86_64_arm-linux-gnueabihf/bin/../libexec/gcc/arm-linux-gnueabihf/6.3.1/lto-wrapper -plugin-opt=-fresolution=/tmp/cc8niZKw.res -plugin-opt=-pass-through=-lgcc_s -plugin-opt=-pass-through=-lgcc -plugin-opt=-pass-through=-lc -plugin-opt=-pass-through=-lgcc_s -plugin-opt=-pass-through=-lgcc --sysroot=/home/donge/WorkSpace/tools/gcc-linaro-6.3.1-2017.02-x86_64_arm-linux-gnueabihf/bin/../arm-linux-gnueabihf/libc --build-id --eh-frame-hdr -dynamic-linker /lib/ld-linux-armhf.so.3 -X -m armelf_linux_eabi -o cmTC_536ee /home/donge/WorkSpace/tools/gcc-linaro-6.3.1-2017.02-x86_64_arm-linux-gnueabihf/bin/../arm-linux-gnueabihf/libc/usr/lib/crt1.o /home/donge/WorkSpace/tools/gcc-linaro-6.3.1-2017.02-x86_64_arm-linux-gnueabihf/bin/../arm-linux-gnueabihf/libc/usr/lib/crti.o /home/donge/WorkSpace/tools/gcc-linaro-6.3.1-2017.02-x86_64_arm-linux-gnueabihf/bin/../lib/gcc/arm-linux-gnueabihf/6.3.1/crtbegin.o -L/home/donge/WorkSpace/tools/gcc-linaro-6.3.1-2017.02-x86_64_arm-linux-gnueabihf/bin/../lib/gcc/arm-linux-gnueabihf/6.3.1 -L/home/donge/WorkSpace/tools/gcc-linaro-6.3.1-2017.02-x86_64_arm-linux-gnueabihf/bin/../lib/gcc/arm-linux-gnueabihf -L/home/donge/WorkSpace/tools/gcc-linaro-6.3.1-2017.02-x86_64_arm-linux-gnueabihf/bin/../lib/gcc -L/home/donge/WorkSpace/tools/gcc-linaro-6.3.1-2017.02-x86_64_arm-linux-gnueabihf/bin/../lib/gcc/arm-linux-gnueabihf/6.3.1/../../../../arm-linux-gnueabihf/lib -L/home/donge/WorkSpace/tools/gcc-linaro-6.3.1-2017.02-x86_64_arm-linux-gnueabihf/bin/../arm-linux-gnueabihf/libc/lib -L/home/donge/WorkSpace/tools/gcc-linaro-6.3.1-2017.02-x86_64_arm-linux-gnueabihf/bin/../arm-linux-gnueabihf/libc/usr/lib CMakeFiles/cmTC_536ee.dir/CMakeCXXCompilerABI.cpp.o -lstdc++ -lm -lgcc_s -lgcc -lc -lgcc_s -lgcc /home/donge/WorkSpace/tools/gcc-linaro-6.3.1-2017.02-x86_64_arm-linux-gnueabihf/bin/../lib/gcc/arm-linux-gnueabihf/6.3.1/crtend.o /home/donge/WorkSpace/tools/gcc-linaro-6.3.1-2017.02-x86_64_arm-linux-gnueabihf/bin/../arm-linux-gnueabihf/libc/usr/lib/crtn.o]
    arg [/home/donge/WorkSpace/tools/gcc-linaro-6.3.1-2017.02-x86_64_arm-linux-gnueabihf/bin/../libexec/gcc/arm-linux-gnueabihf/6.3.1/collect2] ==> ignore
    arg [-plugin] ==> ignore
    arg [/home/donge/WorkSpace/tools/gcc-linaro-6.3.1-2017.02-x86_64_arm-linux-gnueabihf/bin/../libexec/gcc/arm-linux-gnueabihf/6.3.1/liblto_plugin.so] ==> ignore
    arg [-plugin-opt=/home/donge/WorkSpace/tools/gcc-linaro-6.3.1-2017.02-x86_64_arm-linux-gnueabihf/bin/../libexec/gcc/arm-linux-gnueabihf/6.3.1/lto-wrapper] ==> ignore
    arg [-plugin-opt=-fresolution=/tmp/cc8niZKw.res] ==> ignore
    arg [-plugin-opt=-pass-through=-lgcc_s] ==> ignore
    arg [-plugin-opt=-pass-through=-lgcc] ==> ignore
    arg [-plugin-opt=-pass-through=-lc] ==> ignore
    arg [-plugin-opt=-pass-through=-lgcc_s] ==> ignore
    arg [-plugin-opt=-pass-through=-lgcc] ==> ignore
    arg [--sysroot=/home/donge/WorkSpace/tools/gcc-linaro-6.3.1-2017.02-x86_64_arm-linux-gnueabihf/bin/../arm-linux-gnueabihf/libc] ==> ignore
    arg [--build-id] ==> ignore
    arg [--eh-frame-hdr] ==> ignore
    arg [-dynamic-linker] ==> ignore
    arg [/lib/ld-linux-armhf.so.3] ==> ignore
    arg [-X] ==> ignore
    arg [-m] ==> ignore
    arg [armelf_linux_eabi] ==> ignore
    arg [-o] ==> ignore
    arg [cmTC_536ee] ==> ignore
    arg [/home/donge/WorkSpace/tools/gcc-linaro-6.3.1-2017.02-x86_64_arm-linux-gnueabihf/bin/../arm-linux-gnueabihf/libc/usr/lib/crt1.o] ==> obj [/home/donge/WorkSpace/tools/gcc-linaro-6.3.1-2017.02-x86_64_arm-linux-gnueabihf/bin/../arm-linux-gnueabihf/libc/usr/lib/crt1.o]
    arg [/home/donge/WorkSpace/tools/gcc-linaro-6.3.1-2017.02-x86_64_arm-linux-gnueabihf/bin/../arm-linux-gnueabihf/libc/usr/lib/crti.o] ==> obj [/home/donge/WorkSpace/tools/gcc-linaro-6.3.1-2017.02-x86_64_arm-linux-gnueabihf/bin/../arm-linux-gnueabihf/libc/usr/lib/crti.o]
    arg [/home/donge/WorkSpace/tools/gcc-linaro-6.3.1-2017.02-x86_64_arm-linux-gnueabihf/bin/../lib/gcc/arm-linux-gnueabihf/6.3.1/crtbegin.o] ==> obj [/home/donge/WorkSpace/tools/gcc-linaro-6.3.1-2017.02-x86_64_arm-linux-gnueabihf/bin/../lib/gcc/arm-linux-gnueabihf/6.3.1/crtbegin.o]
    arg [-L/home/donge/WorkSpace/tools/gcc-linaro-6.3.1-2017.02-x86_64_arm-linux-gnueabihf/bin/../lib/gcc/arm-linux-gnueabihf/6.3.1] ==> dir [/home/donge/WorkSpace/tools/gcc-linaro-6.3.1-2017.02-x86_64_arm-linux-gnueabihf/bin/../lib/gcc/arm-linux-gnueabihf/6.3.1]
    arg [-L/home/donge/WorkSpace/tools/gcc-linaro-6.3.1-2017.02-x86_64_arm-linux-gnueabihf/bin/../lib/gcc/arm-linux-gnueabihf] ==> dir [/home/donge/WorkSpace/tools/gcc-linaro-6.3.1-2017.02-x86_64_arm-linux-gnueabihf/bin/../lib/gcc/arm-linux-gnueabihf]
    arg [-L/home/donge/WorkSpace/tools/gcc-linaro-6.3.1-2017.02-x86_64_arm-linux-gnueabihf/bin/../lib/gcc] ==> dir [/home/donge/WorkSpace/tools/gcc-linaro-6.3.1-2017.02-x86_64_arm-linux-gnueabihf/bin/../lib/gcc]
    arg [-L/home/donge/WorkSpace/tools/gcc-linaro-6.3.1-2017.02-x86_64_arm-linux-gnueabihf/bin/../lib/gcc/arm-linux-gnueabihf/6.3.1/../../../../arm-linux-gnueabihf/lib] ==> dir [/home/donge/WorkSpace/tools/gcc-linaro-6.3.1-2017.02-x86_64_arm-linux-gnueabihf/bin/../lib/gcc/arm-linux-gnueabihf/6.3.1/../../../../arm-linux-gnueabihf/lib]
    arg [-L/home/donge/WorkSpace/tools/gcc-linaro-6.3.1-2017.02-x86_64_arm-linux-gnueabihf/bin/../arm-linux-gnueabihf/libc/lib] ==> dir [/home/donge/WorkSpace/tools/gcc-linaro-6.3.1-2017.02-x86_64_arm-linux-gnueabihf/bin/../arm-linux-gnueabihf/libc/lib]
    arg [-L/home/donge/WorkSpace/tools/gcc-linaro-6.3.1-2017.02-x86_64_arm-linux-gnueabihf/bin/../arm-linux-gnueabihf/libc/usr/lib] ==> dir [/home/donge/WorkSpace/tools/gcc-linaro-6.3.1-2017.02-x86_64_arm-linux-gnueabihf/bin/../arm-linux-gnueabihf/libc/usr/lib]
    arg [CMakeFiles/cmTC_536ee.dir/CMakeCXXCompilerABI.cpp.o] ==> ignore
    arg [-lstdc++] ==> lib [stdc++]
    arg [-lm] ==> lib [m]
    arg [-lgcc_s] ==> lib [gcc_s]
    arg [-lgcc] ==> lib [gcc]
    arg [-lc] ==> lib [c]
    arg [-lgcc_s] ==> lib [gcc_s]
    arg [-lgcc] ==> lib [gcc]
    arg [/home/donge/WorkSpace/tools/gcc-linaro-6.3.1-2017.02-x86_64_arm-linux-gnueabihf/bin/../lib/gcc/arm-linux-gnueabihf/6.3.1/crtend.o] ==> obj [/home/donge/WorkSpace/tools/gcc-linaro-6.3.1-2017.02-x86_64_arm-linux-gnueabihf/bin/../lib/gcc/arm-linux-gnueabihf/6.3.1/crtend.o]
    arg [/home/donge/WorkSpace/tools/gcc-linaro-6.3.1-2017.02-x86_64_arm-linux-gnueabihf/bin/../arm-linux-gnueabihf/libc/usr/lib/crtn.o] ==> obj [/home/donge/WorkSpace/tools/gcc-linaro-6.3.1-2017.02-x86_64_arm-linux-gnueabihf/bin/../arm-linux-gnueabihf/libc/usr/lib/crtn.o]
  collapse obj [/home/donge/WorkSpace/tools/gcc-linaro-6.3.1-2017.02-x86_64_arm-linux-gnueabihf/bin/../arm-linux-gnueabihf/libc/usr/lib/crt1.o] ==> [/home/donge/WorkSpace/tools/gcc-linaro-6.3.1-2017.02-x86_64_arm-linux-gnueabihf/arm-linux-gnueabihf/libc/usr/lib/crt1.o]
  collapse obj [/home/donge/WorkSpace/tools/gcc-linaro-6.3.1-2017.02-x86_64_arm-linux-gnueabihf/bin/../arm-linux-gnueabihf/libc/usr/lib/crti.o] ==> [/home/donge/WorkSpace/tools/gcc-linaro-6.3.1-2017.02-x86_64_arm-linux-gnueabihf/arm-linux-gnueabihf/libc/usr/lib/crti.o]
  collapse obj [/home/donge/WorkSpace/tools/gcc-linaro-6.3.1-2017.02-x86_64_arm-linux-gnueabihf/bin/../lib/gcc/arm-linux-gnueabihf/6.3.1/crtbegin.o] ==> [/home/donge/WorkSpace/tools/gcc-linaro-6.3.1-2017.02-x86_64_arm-linux-gnueabihf/lib/gcc/arm-linux-gnueabihf/6.3.1/crtbegin.o]
  collapse obj [/home/donge/WorkSpace/tools/gcc-linaro-6.3.1-2017.02-x86_64_arm-linux-gnueabihf/bin/../lib/gcc/arm-linux-gnueabihf/6.3.1/crtend.o] ==> [/home/donge/WorkSpace/tools/gcc-linaro-6.3.1-2017.02-x86_64_arm-linux-gnueabihf/lib/gcc/arm-linux-gnueabihf/6.3.1/crtend.o]
  collapse obj [/home/donge/WorkSpace/tools/gcc-linaro-6.3.1-2017.02-x86_64_arm-linux-gnueabihf/bin/../arm-linux-gnueabihf/libc/usr/lib/crtn.o] ==> [/home/donge/WorkSpace/tools/gcc-linaro-6.3.1-2017.02-x86_64_arm-linux-gnueabihf/arm-linux-gnueabihf/libc/usr/lib/crtn.o]
  collapse library dir [/home/donge/WorkSpace/tools/gcc-linaro-6.3.1-2017.02-x86_64_arm-linux-gnueabihf/bin/../lib/gcc/arm-linux-gnueabihf/6.3.1] ==> [/home/donge/WorkSpace/tools/gcc-linaro-6.3.1-2017.02-x86_64_arm-linux-gnueabihf/lib/gcc/arm-linux-gnueabihf/6.3.1]
  collapse library dir [/home/donge/WorkSpace/tools/gcc-linaro-6.3.1-2017.02-x86_64_arm-linux-gnueabihf/bin/../lib/gcc/arm-linux-gnueabihf] ==> [/home/donge/WorkSpace/tools/gcc-linaro-6.3.1-2017.02-x86_64_arm-linux-gnueabihf/lib/gcc/arm-linux-gnueabihf]
  collapse library dir [/home/donge/WorkSpace/tools/gcc-linaro-6.3.1-2017.02-x86_64_arm-linux-gnueabihf/bin/../lib/gcc] ==> [/home/donge/WorkSpace/tools/gcc-linaro-6.3.1-2017.02-x86_64_arm-linux-gnueabihf/lib/gcc]
  collapse library dir [/home/donge/WorkSpace/tools/gcc-linaro-6.3.1-2017.02-x86_64_arm-linux-gnueabihf/bin/../lib/gcc/arm-linux-gnueabihf/6.3.1/../../../../arm-linux-gnueabihf/lib] ==> [/home/donge/WorkSpace/tools/gcc-linaro-6.3.1-2017.02-x86_64_arm-linux-gnueabihf/arm-linux-gnueabihf/lib]
  collapse library dir [/home/donge/WorkSpace/tools/gcc-linaro-6.3.1-2017.02-x86_64_arm-linux-gnueabihf/bin/../arm-linux-gnueabihf/libc/lib] ==> [/home/donge/WorkSpace/tools/gcc-linaro-6.3.1-2017.02-x86_64_arm-linux-gnueabihf/arm-linux-gnueabihf/libc/lib]
  collapse library dir [/home/donge/WorkSpace/tools/gcc-linaro-6.3.1-2017.02-x86_64_arm-linux-gnueabihf/bin/../arm-linux-gnueabihf/libc/usr/lib] ==> [/home/donge/WorkSpace/tools/gcc-linaro-6.3.1-2017.02-x86_64_arm-linux-gnueabihf/arm-linux-gnueabihf/libc/usr/lib]
  implicit libs: [stdc++;m;gcc_s;gcc;c;gcc_s;gcc]
  implicit objs: [/home/donge/WorkSpace/tools/gcc-linaro-6.3.1-2017.02-x86_64_arm-linux-gnueabihf/arm-linux-gnueabihf/libc/usr/lib/crt1.o;/home/donge/WorkSpace/tools/gcc-linaro-6.3.1-2017.02-x86_64_arm-linux-gnueabihf/arm-linux-gnueabihf/libc/usr/lib/crti.o;/home/donge/WorkSpace/tools/gcc-linaro-6.3.1-2017.02-x86_64_arm-linux-gnueabihf/lib/gcc/arm-linux-gnueabihf/6.3.1/crtbegin.o;/home/donge/WorkSpace/tools/gcc-linaro-6.3.1-2017.02-x86_64_arm-linux-gnueabihf/lib/gcc/arm-linux-gnueabihf/6.3.1/crtend.o;/home/donge/WorkSpace/tools/gcc-linaro-6.3.1-2017.02-x86_64_arm-linux-gnueabihf/arm-linux-gnueabihf/libc/usr/lib/crtn.o]
  implicit dirs: [/home/donge/WorkSpace/tools/gcc-linaro-6.3.1-2017.02-x86_64_arm-linux-gnueabihf/lib/gcc/arm-linux-gnueabihf/6.3.1;/home/donge/WorkSpace/tools/gcc-linaro-6.3.1-2017.02-x86_64_arm-linux-gnueabihf/lib/gcc/arm-linux-gnueabihf;/home/donge/WorkSpace/tools/gcc-linaro-6.3.1-2017.02-x86_64_arm-linux-gnueabihf/lib/gcc;/home/donge/WorkSpace/tools/gcc-linaro-6.3.1-2017.02-x86_64_arm-linux-gnueabihf/arm-linux-gnueabihf/lib;/home/donge/WorkSpace/tools/gcc-linaro-6.3.1-2017.02-x86_64_arm-linux-gnueabihf/arm-linux-gnueabihf/libc/lib;/home/donge/WorkSpace/tools/gcc-linaro-6.3.1-2017.02-x86_64_arm-linux-gnueabihf/arm-linux-gnueabihf/libc/usr/lib]
  implicit fwks: []


